112	1.2	0
-2.617994	1.574060	2.783565
2.380392	2.500101	-0.120466
rec.job91420.bl.pdb	-4.486	-3.167	-0.006
lig.job91420.bl.pdb	6.407	0.905	-10.136
0.785398	1.617114	-1.572037	104	15	111	1243.418
1.832596	0.571433	-1.188419	97	16	2	1048.434
2.617994	2.251330	-2.330739	96	15	1	1019.470
-2.617994	1.194549	-0.801900	87	7	4	984.687
-1.570796	1.766067	2.153843	83	2	103	958.688
-1.570796	1.440580	2.260026	82	2	106	949.582
2.356194	1.870545	-2.976234	98	15	110	948.740
1.308997	0.619654	-2.216909	85	4	2	948.628
2.356194	2.251330	-2.330739	99	17	1	945.458
1.832596	2.115563	0.685730	99	15	5	939.327
-1.308997	1.134796	2.434290	95	15	1	935.649
2.094395	0.379747	-1.713059	99	17	111	917.290
2.356194	0.379747	-1.713059	101	17	106	914.494
1.832596	1.683268	0.374177	96	15	3	913.269
0.000000	1.195355	1.200319	97	15	108	909.939
2.356194	0.685216	-1.712745	95	17	106	908.095
-2.617994	2.664082	-1.071402	101	16	108	905.177
-0.261799	1.195355	1.200319	99	15	108	899.654
-1.308997	1.824694	1.850876	96	17	2	897.231
2.617994	2.108018	1.311430	105	14	102	896.651
2.094395	0.571433	-1.188419	93	15	111	893.456
-2.617994	1.301460	-0.509251	87	7	5	893.415
-1.832596	1.606104	-0.451151	103	17	105	893.249
-1.308997	0.458961	-0.107937	94	14	96	891.568
-1.047198	0.418037	1.360082	103	18	11	889.848
-1.308997	2.407836	1.410646	91	14	105	880.401
2.094395	0.914445	2.687814	100	15	110	871.837
-1.570796	1.741644	-2.695914	97	11	3	870.021
1.570796	2.164094	-2.991358	3	13	100	865.240
2.356194	2.349581	-2.702517	97	16	109	862.726
-2.094395	1.134796	2.434290	111	15	100	861.714
1.570796	2.760637	2.781135	100	105	90	860.805
1.832596	1.909857	-0.381669	98	17	105	859.761
2.356194	0.864993	2.278281	100	15	106	859.545
1.570796	2.001437	0.381215	101	17	3	859.346
-2.879793	1.194549	-0.801900	89	11	4	859.212
1.308997	0.290380	-0.796960	99	18	1	857.677
1.832596	1.812176	0.656819	98	14	6	856.305
-0.523599	1.310100	1.488307	100	16	107	856.244
-2.879793	0.080730	-2.622036	102	18	106	849.086
-2.356194	1.242974	-2.977882	91	11	2	847.159
1.832596	1.721184	-0.153948	98	17	109	846.928
-1.832596	2.379497	0.561089	104	18	104	844.199
-1.047198	1.367556	0.358405	3	111	23	842.460
-2.094395	0.762244	-0.273349	96	15	111	841.706
2.617994	2.349581	-2.702517	95	15	110	839.488
-2.356194	1.218453	2.777284	3	12	99	839.036
-1.570796	1.574060	2.783565	82	111	109	838.722
-3.141593	1.335669	0.897240	100	12	5	838.065
1.308997	1.310100	1.488307	99	11	4	837.673
-1.570796	0.866395	-2.492918	101	15	104	836.824
-2.094395	0.674054	1.013609	94	4	92	836.415
1.570796	0.615174	-0.666022	95	15	4	836.360
-2.094395	0.914445	2.687814	0	15	100	835.577
-0.261799	0.906588	1.252948	99	14	103	835.491
-2.879793	1.696674	-1.253233	104	23	111	834.883
-2.879793	0.419640	2.974122	102	17	104	834.563
2.094395	0.850607	-1.335383	95	16	108	832.619
-2.356194	1.696674	-1.253233	103	18	108	832.077
0.261799	0.458961	-0.107937	111	13	16	830.992
-0.261799	1.184361	0.625864	97	14	6	829.619
1.308997	1.599406	1.426070	100	10	7	828.346
-2.094395	1.732874	-0.951685	82	110	3	826.203
-2.356194	0.762244	-0.273349	99	15	111	823.332
-1.308997	1.872854	1.543456	95	16	7	821.926
-1.832596	1.982574	-1.115518	26	8	6	821.748
-0.523599	0.418037	1.360082	101	17	15	821.640
-1.832596	0.496451	0.593859	93	8	94	821.507
-1.832596	1.766067	2.153843	84	4	106	818.325
-1.047198	0.591903	2.010408	89	107	12	817.695
1.308997	1.168678	2.108595	100	26	109	813.926
2.356194	1.721184	-0.153948	106	15	18	813.913
1.047198	1.310100	1.488307	98	12	6	813.159
-1.570796	1.699788	2.452890	82	1	102	812.815
-0.785398	0.418037	1.360082	104	18	15	811.519
-2.356194	2.033014	2.977192	92	9	5	810.729
-1.570796	1.413430	2.550734	81	0	108	808.263
1.570796	0.619654	-2.216909	99	17	5	808.230
-1.047198	0.640596	-2.797608	97	15	107	808.075
2.879793	2.251330	-2.330739	93	14	2	807.082
2.356194	1.736875	3.023612	98	15	108	804.275
1.570796	1.683268	0.374177	99	17	3	803.568
-2.094395	2.455966	-0.641220	99	16	110	803.328
-1.047198	0.866395	-2.492918	98	14	105	803.083
-2.356194	2.041297	-2.664597	102	15	107	802.972
0.523599	0.709924	0.218797	105	11	19	802.540
-2.617994	1.510910	-0.740472	87	8	2	801.817
2.094395	1.218453	2.777284	98	16	108	801.792
0.523599	2.704512	1.488683	95	15	105	798.529
-1.047198	1.168678	2.108595	94	13	5	797.924
1.047198	1.617114	-1.572037	101	16	110	797.466
-1.047198	1.599406	1.426070	84	9	10	796.877
2.094395	0.685216	-1.712745	99	17	105	795.827
1.832596	2.349581	-2.702517	102	17	105	795.796
-3.141593	2.979456	-1.009304	106	18	105	795.265
-3.141593	1.872854	1.543456	97	16	104	794.909
-3.141593	1.325504	-1.671296	99	20	1	794.409
0.785398	1.417623	-0.202254	1	10	19	794.034
-0.785398	1.599406	1.426070	84	5	11	792.752
-1.047198	2.073035	2.027405	105	16	107	792.065
2.617994	1.998705	2.370472	15	10	106	792.011
-2.617994	2.138223	1.678323	1	24	107	791.361
-0.785398	1.836682	-0.676006	24	4	9	790.922
2.617994	2.455966	-0.641220	92	14	5	790.650
-3.141593	2.343981	-1.040456	100	19	0	790.395
1.570796	0.370812	-2.547742	85	5	110	790.331
-1.308997	2.299159	2.264663	104	19	104	790.090
2.094395	2.349581	-2.702517	102	3	90	790.059
-2.879793	1.904882	-1.478089	92	10	98	790.016
0.000000	2.153910	-1.714959	91	9	9	789.618
-0.785398	0.591903	2.010408	96	15	7	789.512
-0.523599	1.766067	2.153843	98	15	105	789.368
2.094395	2.089241	-0.114193	97	16	0	789.206
-1.308997	0.864993	2.278281	96	18	6	788.900
0.523599	2.138223	1.678323	97	15	6	787.547
-2.094395	0.203748	0.590255	92	13	96	787.436
-0.785398	1.555207	1.708892	98	16	105	786.993
-3.141593	0.370812	-2.547742	101	16	105	786.680
-3.141593	1.218453	2.777284	103	16	102	786.263
-1.047198	1.310100	1.488307	87	11	12	785.849
-2.356194	0.419640	2.974122	101	17	104	785.531
-1.570796	1.998705	2.370472	84	1	99	785.424
2.094395	2.073035	2.027405	104	0	15	784.416
0.523599	1.554776	0.100351	6	107	22	782.755
-1.308997	1.256302	0.062705	3	110	22	781.967
-0.261799	2.251330	-2.330739	95	7	12	781.751
2.094395	1.194549	-0.801900	91	15	109	781.055
-2.879793	1.325504	-1.671296	92	15	102	780.840
1.832596	2.174483	2.653697	100	14	101	780.786
-2.094395	2.637879	2.121598	98	4	92	779.425
-1.570796	0.618092	2.539118	97	20	6	779.082
-1.570796	0.914445	2.687814	98	18	111	777.688
-1.832596	1.301460	-0.509251	96	14	111	777.636
-2.356194	2.393226	1.857173	96	10	95	777.192
-1.570796	0.831641	0.616218	99	17	2	776.889
0.523599	1.014500	0.906702	106	10	96	776.504
-2.356194	1.391910	3.030322	100	24	102	775.224
-2.094395	2.073035	2.027405	92	10	96	774.919
1.832596	2.041297	-2.664597	103	18	108	774.766
-0.261799	2.478122	2.609777	102	18	103	774.042
2.617994	1.870545	-2.976234	94	14	110	773.067
1.832596	1.875281	0.107086	97	17	0	772.685
1.308997	0.203748	0.590255	98	17	111	771.970
-1.047198	2.396274	-1.959260	98	12	110	771.640
1.832596	1.554776	0.100351	96	17	0	770.899
-0.785398	1.135813	-2.658866	97	15	107	770.736
-1.832596	1.824694	1.850876	86	9	101	770.500
-0.523599	0.615174	-0.666022	91	14	100	770.382
-2.617994	2.187132	-0.479875	100	17	6	769.771
-2.094395	2.299159	2.264663	94	7	92	768.187
2.879793	1.367556	0.358405	101	16	107	767.810
-1.047198	0.458961	-0.107937	92	12	96	767.806
-0.261799	1.045978	0.343692	97	15	105	765.298
-2.356194	2.343981	-1.040456	97	15	1	765.247
-0.523599	0.733948	3.021411	95	15	111	763.790
0.261799	0.960688	-0.577532	93	16	107	763.600
-1.308997	0.591903	2.010408	99	20	11	762.412
0.261799	1.301460	-0.509251	92	15	110	762.352
1.832596	0.615174	-0.666022	91	13	4	762.288
-2.879793	1.809167	1.213774	97	15	110	762.060
-2.356194	0.914445	2.687814	1	14	101	761.083
-2.094395	2.174483	2.653697	103	21	101	760.634
-2.617994	1.134796	2.434290	93	14	103	760.392
2.094395	1.977582	0.969896	97	12	8	760.273
0.000000	1.045978	0.343692	106	2	20	759.880
2.094395	1.812176	0.656819	95	13	6	759.812
0.785398	0.685216	-1.712745	85	6	1	759.716
-2.094395	0.864993	2.278281	109	18	102	759.325
-1.308997	1.736875	3.023612	81	107	104	759.065
-2.356194	0.674054	1.013609	94	6	92	758.546
2.879793	1.256302	0.062705	102	16	108	758.428
-1.047198	2.478122	2.609777	93	16	94	757.928
-1.832596	2.174483	2.653697	99	21	101	757.840
2.879793	0.914445	2.687814	102	18	105	757.550
-2.094395	1.218453	2.777284	1	14	99	757.454
-1.832596	1.050534	3.042579	90	21	108	756.857
-2.617994	0.899350	-2.069907	94	11	6	755.909
1.570796	0.866395	-2.492918	85	5	4	755.682
-0.261799	2.637879	2.121598	93	13	3	755.671
-1.832596	1.014500	0.906702	100	18	110	755.345
-1.570796	1.218453	2.777284	89	20	108	755.326
1.570796	0.290380	-0.796960	102	21	11	754.933
-2.617994	2.984978	1.954446	0	19	103	754.698
1.570796	0.866955	-0.931351	97	15	7	754.654
2.094395	1.869911	2.701025	100	14	104	754.524
-1.308997	2.863997	0.549740	106	5	18	754.209
-1.832596	0.297065	2.160177	103	19	107	754.184
2.879793	1.128190	-2.288622	95	14	0	754.169
2.094395	0.297065	2.160177	16	93	2	753.087
-2.617994	0.419640	2.974122	103	17	105	752.451
-1.570796	0.496451	0.593859	93	7	93	751.743
-1.308997	1.168678	2.108595	94	16	107	751.270
2.879793	2.407836	1.410646	100	10	13	750.944
-1.308997	0.496451	0.593859	2	13	18	750.658
-2.094395	1.836682	-0.676006	82	0	110	749.886
1.047198	0.831641	0.616218	100	9	18	749.739
-0.523599	2.637879	2.121598	96	15	2	749.355
2.094395	1.134497	-1.109631	92	16	105	748.772
-1.832596	0.203748	0.590255	91	11	96	747.975
0.523599	0.418037	1.360082	4	102	20	747.527
-2.879793	2.349581	-2.702517	102	6	91	747.362
-1.308997	0.914445	2.687814	87	17	1	747.285
-2.879793	2.760637	2.781135	97	15	110	747.209
0.523599	1.982574	-1.115518	85	6	6	747.071
0.000000	0.203748	0.590255	107	19	15	746.315
-2.617994	2.455966	-0.641220	100	17	2	746.132
-2.879793	1.134796	2.434290	100	17	103	745.306
2.094395	2.033014	2.977192	99	15	106	744.887
-0.785398	2.153910	-1.714959	98	13	108	744.173
2.094395	2.041297	-2.664597	101	17	109	744.050
0.261799	0.961715	0.014085	111	4	20	743.333
-2.094395	1.391910	3.030322	96	23	103	743.076
-0.785398	2.478122	2.609777	90	14	94	743.020
2.617994	2.063651	-2.044600	98	15	6	743.000
-1.570796	1.134796	2.434290	82	1	1	742.875
-2.617994	0.571433	-1.188419	100	11	13	742.643
0.785398	1.904882	-1.478089	104	16	2	742.392
-1.308997	1.045978	0.343692	97	9	92	741.292
-0.785398	2.073035	2.027405	86	11	107	740.656
1.832596	1.367556	0.358405	93	15	3	740.461
-2.356194	1.135813	-2.658866	91	11	5	739.887
2.617994	2.407836	1.410646	102	10	13	739.700
2.094395	1.948085	-2.363031	100	18	0	739.603
-1.832596	1.721184	-0.153948	104	14	101	739.258
1.047198	2.073035	2.027405	91	10	8	738.834
-0.261799	1.809167	1.213774	5	17	101	738.670
1.832596	2.356369	3.005869	1	15	96	738.635
-2.094395	1.433411	-1.035986	84	109	6	738.611
-3.141593	2.153910	-1.714959	95	9	95	738.556
-0.523599	1.824694	1.850876	97	15	108	738.423
-1.308997	1.128190	-2.288622	101	13	103	738.294
2.356194	0.591903	2.010408	16	91	3	737.871
-1.570796	2.592629	0.909713	104	16	100	737.457
2.879793	2.153910	-1.714959	110	23	105	737.105
-1.308997	1.599406	1.426070	81	1	107	736.872
2.094395	1.554776	0.100351	90	15	110	736.591
-3.141593	1.413347	-1.339188	94	16	101	735.383
1.308997	0.864993	2.278281	85	6	106	735.114
-0.785398	1.433411	-1.035986	95	25	109	734.862
-1.832596	1.218453	2.777284	83	4	0	734.479
2.617994	1.050534	3.042579	101	18	107	734.435
-2.879793	1.050534	3.042579	2	25	106	734.242
-3.141593	0.080730	-2.622036	100	18	109	734.126
-1.308997	2.456751	-1.503343	96	21	1	733.974
1.308997	1.247695	1.809890	90	7	6	733.928
1.832596	2.001437	0.381215	97	16	3	733.309
-1.570796	2.033014	2.977192	97	18	98	733.261
-2.356194	2.299159	2.264663	104	21	107	733.173
-2.094395	2.587733	0.232235	104	19	107	732.995
2.617994	0.961715	0.014085	110	12	102	732.969
-1.308997	1.504028	0.636812	111	4	22	732.410
-0.785398	0.929350	-2.910676	97	15	109	732.342
-1.570796	2.379497	0.561089	101	19	105	732.331
-2.356194	2.637879	2.121598	98	6	91	732.193
0.523599	2.041297	-2.664597	103	15	100	731.074
-3.141593	0.591903	2.010408	24	5	0	731.053
2.094395	2.356369	3.005869	109	17	95	731.003
2.879793	0.709924	0.218797	105	16	105	730.932
2.094395	1.433411	-1.035986	92	16	106	730.863
-2.356194	1.134796	2.434290	1	14	100	730.696
-2.617994	2.760637	2.781135	95	13	111	730.356
-0.261799	0.709924	0.218797	0	11	18	730.317
-2.094395	0.992645	-1.723759	99	13	6	730.092
-0.523599	1.045978	0.343692	101	16	106	729.849
-2.356194	0.929350	-2.910676	91	10	8	729.621
-1.832596	1.909857	-0.381669	105	16	103	729.503
-1.308997	2.251330	-2.330739	97	12	2	729.477
-0.785398	0.615174	-0.666022	94	18	100	728.957
-0.785398	1.335669	0.897240	13	98	108	728.740
1.047198	1.025536	1.576859	99	12	3	728.130
2.094395	0.762244	-0.273349	97	19	8	728.128
0.000000	0.496451	0.593859	107	15	17	728.034
0.000000	2.396274	-1.959260	92	4	12	726.593
2.617994	1.045978	0.343692	106	14	102	726.552
-2.617994	0.709924	0.218797	97	15	108	726.272
-1.570796	1.870545	-2.976234	95	6	12	726.218
-0.523599	1.135813	-2.658866	94	13	108	726.208
2.617994	1.574060	2.783565	12	15	104	725.772
2.356194	2.719179	-1.780644	97	11	93	725.719
0.261799	2.760637	2.781135	91	12	2	724.854
0.785398	0.866395	-2.492918	96	16	2	724.728
-2.094395	1.335669	0.897240	104	18	107	724.565
0.261799	0.709924	0.218797	107	10	19	724.420
2.617994	0.929350	-2.910676	98	18	0	723.623
-1.570796	1.506530	1.988858	83	2	109	723.486
2.094395	1.510910	-0.740472	92	16	110	723.341
-1.047198	1.128190	-2.288622	99	13	104	723.245
-0.261799	0.850607	-1.335383	87	20	108	723.032
2.356194	1.218453	2.777284	97	14	109	722.873
-2.094395	0.496451	0.593859	95	11	94	720.988
2.879793	1.545873	-1.877082	102	21	108	720.920
-0.785398	2.251330	-2.330739	10	10	19	720.734
-1.570796	1.450119	-2.739050	97	11	6	720.492
-1.832596	2.033014	2.977192	101	19	97	720.367
-1.308997	2.349581	-2.702517	89	107	93	720.272
0.523599	1.417623	-0.202254	10	111	22	719.713
-2.879793	1.301460	-0.509251	111	14	104	719.701
1.832596	0.866955	-0.931351	97	17	3	719.031
-3.141593	2.349581	-2.702517	102	5	90	718.964
1.308997	1.870545	-2.976234	104	2	90	718.907
-2.356194	2.455966	-0.641220	102	17	110	718.867
-1.308997	2.104282	-0.813972	85	7	108	718.624
-1.047198	0.864993	2.278281	95	14	4	718.359
-0.261799	1.574060	2.783565	17	3	108	718.222
-2.879793	2.153910	-1.714959	94	6	94	718.026
-0.261799	2.881233	-2.582574	2	19	99	717.248
2.879793	1.721184	-0.153948	103	15	103	717.227
-2.356194	1.325504	-1.671296	84	5	111	716.882
1.308997	1.440580	2.260026	99	26	1	716.842
0.785398	2.164094	-2.991358	106	4	90	716.486
1.308997	2.104282	-0.813972	15	107	104	716.176
0.523599	0.297065	2.160177	111	18	108	716.072
-2.617994	1.413430	2.550734	98	18	102	715.628
-0.261799	1.256302	0.062705	99	16	110	715.199
2.879793	1.504028	0.636812	99	15	109	715.133
-2.879793	0.700570	1.559208	26	3	3	714.954
-1.832596	1.870545	-2.976234	96	7	12	714.648
-0.523599	2.033014	2.977192	17	4	107	714.468
-0.785398	1.824694	1.850876	88	15	2	713.969
2.094395	2.588535	-2.976617	99	16	106	713.912
1.832596	1.417623	-0.202254	95	17	107	713.717
2.356194	0.290380	-0.796960	93	18	9	713.297
-1.832596	1.510910	-0.740472	88	14	6	712.709
-1.308997	1.367556	0.358405	2	1	22	712.147
1.047198	2.588535	-2.976617	100	7	91	711.966
-0.523599	1.247695	1.809890	97	14	102	711.859
1.832596	1.256302	0.062705	94	17	110	711.713
-0.785398	0.700570	1.559208	99	15	14	711.569
1.047198	2.041297	-2.664597	100	16	104	711.026
2.356194	2.295480	1.008277	107	11	100	710.777
2.094395	1.301460	-0.509251	93	15	1	710.298
-1.570796	2.164094	-2.991358	87	109	94	710.253
1.308997	1.741644	-2.695914	107	6	91	710.171
-0.523599	0.290380	-0.796960	91	14	99	710.032
-0.785398	1.545873	-1.877082	99	12	104	709.647
-1.047198	0.910508	1.903534	95	16	10	709.394
-2.356194	1.662363	0.915448	96	16	2	709.266
-1.570796	2.356369	3.005869	100	18	97	709.200
2.879793	1.417623	-0.202254	104	16	106	708.895
1.832596	1.194549	-0.801900	94	17	110	708.818
1.832596	1.504028	0.636812	94	13	6	708.818
2.094395	2.164094	-2.991358	100	15	107	708.670
-2.094395	2.478122	2.609777	105	20	100	708.596
1.832596	1.977582	0.969896	99	13	8	707.803
2.094395	1.683268	0.374177	93	14	3	707.644
1.570796	1.506530	1.988858	96	24	110	707.521
1.308997	1.836682	-0.676006	16	107	109	707.500
0.785398	2.881233	-2.582574	99	18	110	707.471
-2.617994	0.080730	-2.622036	18	0	0	706.956
-0.523599	2.393226	1.857173	95	15	0	706.812
-2.617994	1.134497	-1.109631	88	9	1	706.670
1.570796	1.554776	0.100351	97	19	110	706.610
-3.141593	0.762244	-0.273349	103	16	106	705.751
-2.094395	0.618092	2.539118	103	17	103	705.709
-0.523599	0.929350	-2.910676	95	15	107	705.667
-0.261799	1.367556	0.358405	97	16	109	704.562
1.570796	1.301460	-0.509251	96	18	2	704.485
-3.141593	2.001437	0.381215	102	15	106	704.097
2.617994	2.104282	-0.813972	89	12	6	704.027
-0.785398	2.393226	1.857173	83	7	108	703.831
0.000000	1.310100	1.488307	104	89	8	703.587
2.617994	2.664082	-1.071402	99	18	109	703.092
-1.308997	0.640596	-2.797608	99	16	107	702.604
-1.832596	1.450119	-2.739050	108	17	102	702.451
-1.832596	0.640596	-2.797608	98	19	109	702.338
-1.047198	2.404280	-0.174044	97	15	2	702.207
-2.617994	0.618092	2.539118	3	28	6	701.820
-2.879793	1.662363	0.915448	95	15	110	701.788
2.094395	2.295480	1.008277	96	12	99	701.743
2.879793	2.396274	-1.959260	98	6	92	701.661
-0.523599	2.138223	1.678323	91	14	110	701.535
-2.617994	1.599406	1.426070	25	11	17	701.339
-1.832596	2.247462	0.191623	100	19	109	701.237
-1.570796	0.864993	2.278281	98	21	6	700.839
0.785398	0.379747	-1.713059	84	5	110	700.647
2.356194	1.310100	1.488307	100	12	7	700.597
-0.261799	0.571433	-1.188419	86	17	104	700.233
2.879793	2.393226	1.857173	90	13	108	700.195
1.047198	0.458961	-0.107937	101	17	16	700.195
2.356194	0.914445	2.687814	96	15	109	700.095
2.356194	2.164094	-2.991358	107	21	101	700.059
-0.785398	0.290380	-0.796960	94	17	98	699.987
-1.832596	0.762244	-0.273349	92	13	111	699.839
-2.356194	1.450119	-2.739050	96	13	4	699.322
-1.308997	2.356369	3.005869	97	17	97	699.207
-2.617994	0.496451	0.593859	18	6	109	699.129
-2.879793	2.592629	0.909713	108	25	107	699.027
2.094395	1.413347	-1.339188	108	26	110	698.906
2.879793	1.554776	0.100351	102	15	106	698.719
-0.785398	0.866395	-2.492918	97	14	103	698.715
2.879793	1.045978	0.343692	100	16	111	698.697
-1.570796	1.242974	-2.977882	103	18	105	698.614
1.047198	2.637879	2.121598	95	15	107	698.463
-2.879793	1.510910	-0.740472	89	12	1	698.421
1.047198	2.164094	-2.991358	104	5	91	698.367
-2.879793	2.719179	-1.780644	94	15	111	698.310
1.308997	1.872854	1.543456	101	9	10	698.209
0.000000	2.041297	-2.664597	111	2	90	698.172
-2.094395	1.982574	-1.115518	80	110	108	697.855
-2.617994	1.809167	1.213774	23	9	12	697.706
-0.261799	0.866955	-0.931351	90	16	104	697.493
-1.832596	1.732874	-0.951685	25	6	2	697.308
-2.356194	0.864993	2.278281	91	13	107	696.813
-1.308997	0.910508	1.903534	98	18	11	696.587
-1.308997	1.247695	1.809890	89	17	9	696.536
-2.879793	0.685216	-1.712745	92	19	111	696.164
1.570796	2.033014	2.977192	3	13	100	696.123
-2.617994	2.041297	-2.664597	103	15	107	696.047
2.356194	2.984978	1.954446	87	17	3	696.042
-1.832596	1.998705	2.370472	85	5	99	695.865
-1.832596	2.164094	-2.991358	93	8	9	695.572
-3.141593	1.741644	-2.695914	102	13	98	695.070
-0.261799	0.961715	0.014085	103	16	105	694.995
-0.261799	0.700570	1.559208	92	9	17	694.990
2.094395	2.115563	0.685730	96	14	5	694.881
-3.141593	0.379747	-1.713059	103	15	98	694.752
-1.047198	0.370812	-2.547742	98	13	102	694.358
-1.047198	2.251330	-2.330739	11	9	20	694.108
0.261799	0.850607	-1.335383	86	13	107	694.064
0.000000	0.418037	1.360082	95	11	18	693.663
1.570796	1.247695	1.809890	97	24	105	693.605
-1.570796	0.910508	1.903534	101	20	10	693.576
2.094395	0.733948	3.021411	97	15	0	693.492
-1.832596	1.875281	0.107086	95	16	3	693.475
-1.308997	1.766067	2.153843	82	111	102	693.357
1.047198	0.762244	-0.273349	104	16	15	693.239
-3.141593	1.812176	0.656819	101	15	108	693.148
-0.785398	1.374601	-2.456031	98	15	106	692.625
-2.356194	0.960688	-0.577532	106	18	106	692.501
2.617994	1.909857	-0.381669	97	25	4	692.418
-1.047198	2.349581	-2.702517	103	12	95	691.908
-1.308997	2.164094	-2.991358	90	4	9	691.882
-0.785398	1.872854	1.543456	80	4	5	691.726
-1.047198	1.025536	1.576859	24	1	8	691.437
-1.047198	1.617114	-1.572037	102	11	101	691.409
1.047198	1.904882	-1.478089	6	14	96	691.335
0.523599	1.413347	-1.339188	106	16	109	691.279
-2.879793	2.863997	0.549740	110	10	95	690.942
2.356194	1.413430	2.550734	97	14	110	690.780
-0.523599	2.478122	2.609777	104	16	102	690.531
-3.141593	1.050534	3.042579	1	24	104	690.521
1.047198	1.766067	2.153843	89	10	4	690.486
1.832596	1.135834	-1.431087	0	24	109	690.064
-2.879793	2.984978	1.954446	107	0	89	689.740
-1.570796	2.664082	-1.071402	93	10	7	689.653
1.308997	1.977582	0.969896	94	17	97	689.518
-1.832596	1.872854	1.543456	85	7	104	689.361
-0.785398	0.864993	2.278281	86	12	6	689.299
1.570796	1.875281	0.107086	103	17	111	689.103
-1.047198	2.041297	-2.664597	101	10	93	688.875
-1.308997	0.866395	-2.492918	97	14	107	688.663
1.832596	0.850607	-1.335383	96	16	3	688.544
-2.356194	0.640596	-2.797608	98	22	111	688.539
-0.785398	1.194549	-0.801900	86	111	9	688.506
0.261799	1.045978	0.343692	106	2	21	688.400
-1.832596	1.836682	-0.676006	84	15	110	688.191
-2.356194	1.050534	3.042579	90	12	4	688.135
-2.879793	2.138223	1.678323	93	13	101	688.105
-2.879793	0.709924	0.218797	99	16	108	687.957
1.570796	1.555207	1.708892	97	6	10	687.581
2.617994	0.619654	-2.216909	97	18	104	687.577
-1.570796	1.510910	-0.740472	85	10	5	687.561
0.261799	2.187132	-0.479875	89	15	107	687.403
0.523599	2.356369	3.005869	89	12	109	687.075
-1.832596	1.134796	2.434290	2	17	102	687.037
-2.094395	2.379497	0.561089	107	18	104	686.804
2.356194	2.881233	-2.582574	96	109	90	686.762
-1.570796	1.606104	-0.451151	84	11	1	686.729
0.785398	2.073035	2.027405	94	12	7	686.534
1.570796	0.709924	0.218797	19	6	106	686.008
2.879793	1.662363	0.915448	100	15	109	685.635
-2.879793	1.812176	0.656819	97	16	0	685.323
2.879793	2.108018	1.311430	99	15	100	684.831
0.000000	0.458961	-0.107937	1	15	17	684.803
-1.047198	1.875281	0.107086	101	17	108	684.777
-1.047198	0.762244	-0.273349	94	16	97	684.713
-3.141593	1.374601	-2.456031	103	15	106	684.457
-0.523599	1.599406	1.426070	84	0	11	684.279
-0.261799	0.674054	1.013609	101	14	100	684.213
-0.523599	0.906588	1.252948	101	15	104	683.920
1.308997	2.251330	-2.330739	98	17	108	683.709
0.000000	0.571433	-1.188419	82	13	104	683.682
0.261799	1.134497	-1.109631	85	12	109	683.563
-0.523599	1.134497	-1.109631	90	22	108	683.499
1.832596	0.370812	-2.547742	82	1	110	683.346
-1.832596	1.135813	-2.658866	105	16	101	683.217
-0.785398	2.579248	-2.364801	92	7	5	683.171
-1.570796	1.555207	1.708892	83	5	106	682.974
-1.308997	1.998705	2.370472	93	17	102	682.545
-2.094395	1.242974	-2.977882	86	8	3	682.537
-2.356194	2.984978	1.954446	103	2	91	682.504
1.308997	0.615174	-0.666022	98	16	4	682.034
-2.094395	1.506530	1.988858	103	25	0	681.938
-2.094395	1.113094	-0.272241	100	14	110	681.535
-2.879793	0.914445	2.687814	98	17	106	681.514
-0.785398	0.640596	-2.797608	95	14	107	681.466
-1.308997	1.014500	0.906702	2	8	22	681.431
-0.523599	1.135834	-1.431087	93	23	1	681.187
-3.141593	0.615174	-0.666022	100	13	15	681.131
-2.879793	1.977582	0.969896	100	16	106	681.111
-3.141593	1.662363	0.915448	97	15	110	681.082
-0.785398	0.906588	1.252948	23	1	6	681.057
2.879793	0.080730	-2.622036	99	18	109	680.887
0.000000	2.881233	-2.582574	20	3	108	680.878
1.570796	2.089241	-0.114193	102	18	109	680.615
-2.617994	0.866395	-2.492918	97	11	11	680.538
-1.570796	2.863997	0.549740	93	12	7	680.454
-2.879793	1.617114	-1.572037	92	13	99	680.291
-1.047198	2.299159	2.264663	97	14	96	680.216
1.832596	2.579248	-2.364801	103	18	105	680.193
2.356194	1.134497	-1.109631	88	14	105	680.111
-2.356194	0.618092	2.539118	107	18	102	679.702
-2.356194	0.866395	-2.492918	96	10	11	679.404
-1.570796	1.247695	1.809890	92	20	9	679.377
-0.523599	1.658653	-2.409879	14	4	104	679.240
-1.308997	1.870545	-2.976234	94	16	108	678.991
0.523599	2.073035	2.027405	97	15	6	678.632
-1.308997	2.579248	-2.364801	94	11	0	678.475
2.356194	0.615174	-0.666022	96	20	4	678.405
-0.785398	1.875281	0.107086	109	104	23	677.965
0.523599	1.904882	-1.478089	87	7	7	677.952
-1.832596	1.194549	-0.801900	86	106	10	677.936
-2.094395	2.033014	2.977192	91	7	5	677.786
0.523599	1.824694	1.850876	97	16	2	677.522
-1.570796	0.203748	0.590255	90	7	94	677.403
-3.141593	1.982574	-1.115518	109	24	108	677.240
2.094395	1.504028	0.636812	91	12	5	677.171
2.879793	2.664082	-1.071402	96	16	109	677.134
-1.570796	2.104282	-0.813972	26	5	5	677.077
-2.094395	1.662363	0.915448	91	15	2	676.818
2.356194	1.836682	-0.676006	90	13	5	676.689
-0.261799	2.349581	-2.702517	0	6	90	676.413
2.094395	2.180315	-1.357379	90	15	111	676.277
2.094395	1.909857	-0.381669	95	14	9	675.788
-2.094395	1.050534	3.042579	93	23	107	675.642
2.356194	2.063651	-2.044600	100	17	3	675.544
0.261799	2.407836	1.410646	97	14	102	675.542
-2.094395	2.393226	1.857173	94	8	94	675.504
2.617994	2.041297	-2.664597	94	14	0	675.464
-0.785398	0.674054	1.013609	102	13	15	675.464
-2.356194	1.982574	-1.115518	103	18	106	675.349
-1.308997	0.618092	2.539118	97	17	2	674.965
-2.617994	0.960688	-0.577532	89	5	8	674.931
0.000000	2.251330	-2.330739	93	4	13	674.803
-2.356194	1.301460	-0.509251	85	4	5	674.716
-0.523599	0.831641	0.616218	109	11	19	674.654
2.356194	0.906588	1.252948	12	91	6	674.409
1.308997	2.349581	-2.702517	84	7	108	674.390
-0.523599	2.760637	2.781135	91	15	94	674.309
-2.356194	1.909857	-0.381669	111	106	22	674.039
-1.047198	1.554776	0.100351	3	107	22	673.893
-1.570796	1.325504	-1.671296	0	7	96	673.478
0.261799	0.418037	1.360082	93	9	18	673.372
-2.879793	0.910508	1.903534	25	8	5	673.260
-0.523599	0.709924	0.218797	11	4	23	673.015
-1.047198	1.014500	0.906702	0	7	22	672.950
0.523599	0.080730	-2.622036	16	94	0	672.873
-1.308997	2.041297	-2.664597	94	9	9	672.584
-2.356194	1.699788	2.452890	91	15	102	672.488
2.879793	1.242974	-2.977882	94	18	106	672.075
2.617994	1.554776	0.100351	106	14	104	672.055
2.356194	1.391910	3.030322	100	20	107	671.970
-1.047198	1.134796	2.434290	92	13	1	671.857
-2.879793	2.073035	2.027405	94	14	102	671.686
2.879793	1.870545	-2.976234	1	11	99	671.645
-1.832596	0.831641	0.616218	97	7	91	671.629
1.832596	2.247462	0.191623	101	17	2	671.584
-2.094395	1.736875	3.023612	96	5	13	671.184
-2.356194	2.251330	-2.330739	101	15	105	671.112
-2.879793	1.135834	-1.431087	97	16	4	670.905
-2.356194	1.869911	2.701025	89	10	0	670.805
1.308997	2.180315	-1.357379	2	19	96	670.797
-0.785398	1.766067	2.153843	103	16	104	670.552
2.617994	0.379747	-1.713059	97	17	107	670.374
-1.832596	0.914445	2.687814	83	3	105	670.367
1.047198	2.579248	-2.364801	98	18	107	670.177
1.832596	2.164094	-2.991358	0	16	101	670.078
2.879793	1.977582	0.969896	99	15	100	669.850
-2.879793	2.979456	-1.009304	106	16	104	669.804
-3.141593	2.247462	0.191623	97	26	1	669.631
1.570796	2.349581	-2.702517	106	16	105	669.581
1.047198	2.984978	1.954446	98	10	96	669.360
-0.523599	2.407836	1.410646	83	1	102	669.282
-3.141593	0.571433	-1.188419	105	9	14	669.114
1.832596	1.134497	-1.109631	95	18	105	669.085
-2.094395	1.766067	2.153843	87	11	102	669.026
-1.570796	0.960688	-0.577532	90	10	15	669.014
-1.308997	2.001437	0.381215	79	104	110	668.917
2.356194	1.195355	1.200319	98	13	6	668.817
-2.617994	1.846342	-1.796954	92	8	97	668.786
2.356194	2.033014	2.977192	108	21	101	668.589
-1.570796	2.073035	2.027405	84	2	100	668.548
2.356194	2.379497	0.561089	96	14	9	668.388
-2.879793	1.417623	-0.202254	88	11	3	668.290
-3.141593	0.961715	0.014085	105	16	105	668.198
0.523599	1.756530	-2.105156	25	8	10	668.147
-1.570796	0.929350	-2.910676	102	18	103	668.110
1.570796	1.909857	-0.381669	102	17	105	667.983
1.570796	2.356369	3.005869	4	12	96	667.833
-1.047198	0.831641	0.616218	93	14	3	667.830
2.356194	0.700570	1.559208	13	91	4	667.757
-1.570796	1.168678	2.108595	82	3	1	667.296
1.047198	0.418037	1.360082	92	13	4	667.168
-2.356194	1.417623	-0.202254	85	5	3	666.955
2.094395	1.325504	-1.671296	83	3	102	666.818
0.000000	0.866955	-0.931351	87	13	104	666.560
-2.617994	1.977582	0.969896	98	17	107	666.516
-1.308997	0.831641	0.616218	96	16	3	666.341
0.261799	2.180315	-1.357379	87	7	8	666.149
-1.047198	2.174483	2.653697	90	14	93	665.951
1.047198	0.496451	0.593859	99	17	3	665.855
-1.570796	0.591903	2.010408	103	21	12	665.509
2.094395	2.174483	2.653697	19	111	107	665.406
-2.356194	1.741644	-2.695914	97	14	0	665.399
-2.356194	2.664082	-1.071402	97	15	108	665.380
0.523599	0.619654	-2.216909	97	17	109	665.279
-3.141593	2.138223	1.678323	96	15	101	665.183
1.832596	1.247695	1.809890	91	21	106	665.097
0.261799	2.153910	-1.714959	89	7	9	665.046
-1.570796	1.135813	-2.658866	102	17	101	664.506
-1.047198	1.440580	2.260026	89	14	106	664.443
1.832596	1.128190	-2.288622	104	11	92	664.323
0.000000	0.929350	-2.910676	91	10	108	663.981
-2.879793	1.606104	-0.451151	90	14	4	663.957
1.308997	1.433411	-1.035986	94	14	5	663.754
0.261799	2.138223	1.678323	99	13	97	663.735
0.000000	2.033014	2.977192	5	14	100	663.537
2.356194	1.869911	2.701025	97	14	104	663.221
-1.832596	0.618092	2.539118	107	19	102	663.104
2.356194	1.045978	0.343692	108	13	101	663.001
-1.832596	1.242974	-2.977882	106	18	104	662.981
1.832596	0.914445	2.687814	101	17	107	662.959
0.785398	1.335669	0.897240	101	14	97	662.944
0.523599	2.164094	-2.991358	105	4	90	662.606
2.879793	0.961715	0.014085	107	14	102	662.604
1.570796	0.640596	-2.797608	86	10	2	661.683
-1.570796	2.174483	2.653697	95	20	101	661.681
-2.356194	2.138223	1.678323	107	25	107	661.615
-2.879793	2.174483	2.653697	96	13	3	661.608
-2.879793	1.872854	1.543456	93	14	104	661.438
-0.523599	2.379497	0.561089	99	15	103	661.427
-1.570796	1.836682	-0.676006	82	10	0	661.352
-1.308997	1.506530	1.988858	96	17	3	661.329
1.832596	0.866395	-2.492918	83	1	4	661.279
-1.308997	1.440580	2.260026	81	110	105	661.070
-1.832596	0.866395	-2.492918	103	16	103	660.919
-1.832596	1.948085	-2.363031	83	4	102	660.906
-1.832596	1.569311	-3.003978	89	7	5	660.850
-1.832596	2.863997	0.549740	105	18	105	660.711
-1.832596	1.699788	2.452890	106	21	105	660.617
-2.094395	1.014500	0.906702	103	18	109	660.429
-2.617994	1.662363	0.915448	97	16	2	660.032
2.879793	0.640596	-2.797608	111	26	110	659.934
0.785398	1.504028	0.636812	97	13	97	659.932
-2.879793	1.413347	-1.339188	90	14	106	659.790
0.523599	2.033014	2.977192	95	16	2	659.737
-1.308997	1.310100	1.488307	81	0	1	659.676
2.356194	0.674054	1.013609	104	20	106	659.626
1.047198	1.134796	2.434290	86	10	108	659.605
-1.832596	1.696674	-1.253233	92	15	108	659.314
2.094395	1.256302	0.062705	90	9	10	659.082
1.308997	1.448123	-2.163292	103	16	108	658.836
-2.617994	2.637879	2.121598	0	20	102	658.802
-2.617994	1.325504	-1.671296	85	9	111	658.738
-3.141593	2.115563	0.685730	102	16	105	658.692
-1.570796	1.824694	1.850876	83	2	105	658.682
-2.356194	0.080730	-2.622036	96	17	11	658.576
-1.308997	2.174483	2.653697	18	3	108	658.466
-1.047198	2.379497	0.561089	95	18	106	658.313
1.047198	1.256302	0.062705	106	9	19	658.280
2.617994	1.025536	1.576859	95	8	9	658.271
-1.832596	2.104282	-0.813972	86	14	108	658.230
-1.832596	1.504028	0.636812	98	18	1	658.158
2.094395	1.014500	0.906702	104	17	105	658.032
-0.523599	2.984978	1.954446	92	11	5	657.981
-0.261799	2.592629	0.909713	98	15	106	657.956
-0.785398	2.299159	2.264663	106	17	104	657.836
2.617994	2.881233	-2.582574	95	109	90	657.530
1.570796	1.721184	-0.153948	102	17	108	657.420
0.261799	1.488617	1.159546	107	15	101	657.330
0.261799	1.732874	-0.951685	84	11	2	657.129
-1.047198	2.393226	1.857173	93	15	101	657.110
2.356194	2.396274	-1.959260	5	21	99	657.095
1.832596	1.606104	-0.451151	96	17	104	657.012
2.094395	1.184361	0.625864	105	15	102	657.010
2.356194	1.756530	-2.105156	1	22	102	656.895
-1.832596	1.367556	0.358405	91	17	0	656.668
2.879793	2.138223	1.678323	103	15	104	656.479
-2.356194	0.906588	1.252948	95	1	91	656.279
-2.094395	1.869911	2.701025	101	22	102	656.276
-1.832596	1.440580	2.260026	84	5	110	656.159
0.785398	1.554776	0.100351	9	110	23	656.079
-1.047198	1.184361	0.625864	1	2	23	656.021
0.785398	2.455966	-0.641220	85	5	1	655.969
-2.617994	2.174483	2.653697	93	13	104	655.877
2.094395	1.050534	3.042579	97	15	0	655.849
2.617994	1.606104	-0.451151	100	24	4	655.758
1.308997	0.762244	-0.273349	105	17	16	655.723
2.879793	2.001437	0.381215	104	14	100	655.711
-1.308997	0.674054	1.013609	7	11	22	655.644
-2.094395	1.909857	-0.381669	97	15	8	655.462
-2.356194	1.184361	0.625864	99	13	18	655.400
-0.785398	1.554776	0.100351	7	2	21	655.160
-0.523599	1.555207	1.708892	96	16	106	655.070
-0.261799	0.733948	3.021411	92	13	111	655.065
-2.617994	2.115563	0.685730	96	24	7	655.034
0.261799	2.041297	-2.664597	0	4	91	654.987
-1.832596	1.736875	3.023612	97	20	99	654.873
-0.261799	1.310100	1.488307	98	15	107	654.823
0.785398	0.458961	-0.107937	98	19	1	654.698
2.094395	0.674054	1.013609	8	92	10	654.672
-1.047198	1.662363	0.915448	100	12	13	654.334
-0.261799	1.413430	2.550734	80	107	100	654.311
1.832596	2.396274	-1.959260	93	13	4	654.248
0.785398	1.045978	0.343692	102	7	93	654.108
-1.308997	0.297065	2.160177	100	20	11	653.967
-3.141593	1.504028	0.636812	96	14	110	653.741
-2.356194	2.404280	-0.174044	103	19	111	653.576
1.308997	0.297065	2.160177	105	25	104	653.199
-0.785398	1.809167	1.213774	94	16	0	653.166
-1.832596	2.001437	0.381215	99	18	1	653.128
-0.523599	2.108018	1.311430	81	111	104	653.070
1.047198	1.195355	1.200319	99	14	5	653.062
2.094395	1.135834	-1.431087	97	17	104	653.031
-2.879793	1.433411	-1.035986	89	13	111	653.018
2.356194	1.242974	-2.977882	99	21	110	652.953
2.617994	1.721184	-0.153948	101	24	8	652.888
-2.617994	1.417623	-0.202254	87	9	5	652.828
2.094395	1.721184	-0.153948	93	16	109	652.801
-0.523599	1.014500	0.906702	97	6	17	652.755
0.785398	1.184361	0.625864	102	10	95	652.703
-2.356194	1.194549	-0.801900	85	4	4	652.528
-2.879793	2.396274	-1.959260	95	15	111	652.525
-2.879793	0.960688	-0.577532	102	15	105	652.333
-0.261799	0.831641	0.616218	99	18	0	652.326
1.308997	1.555207	1.708892	96	7	11	652.061
-2.617994	1.872854	1.543456	25	12	12	651.987
2.356194	1.433411	-1.035986	14	13	18	651.767
-2.094395	1.510910	-0.740472	83	0	1	651.760
0.523599	2.349581	-2.702517	101	17	103	651.732
1.570796	2.251330	-2.330739	84	7	109	651.715
-1.832596	2.478122	2.609777	101	20	101	651.669
-0.261799	2.073035	2.027405	91	13	109	651.615
2.879793	1.599406	1.426070	94	0	90	651.606
-0.785398	2.174483	2.653697	88	12	94	651.546
-0.785398	0.850607	-1.335383	98	25	108	651.480
1.832596	1.325504	-1.671296	98	17	111	651.265
-1.308997	2.664082	-1.071402	98	9	95	651.258
-2.617994	2.153910	-1.714959	94	4	94	651.123
-2.094395	1.247695	1.809890	102	16	102	651.078
-0.523599	0.700570	1.559208	93	12	17	650.903
0.261799	2.174483	2.653697	96	16	0	650.606
2.617994	1.184361	0.625864	104	14	97	650.594
-2.617994	2.592629	0.909713	98	25	110	650.418
1.047198	1.870545	-2.976234	106	2	89	650.365
2.617994	0.762244	-0.273349	103	14	16	650.345
1.832596	0.618092	2.539118	6	11	20	650.341
1.832596	2.108018	1.311430	88	16	103	649.954
-1.570796	1.721184	-0.153948	100	15	100	649.933
2.617994	2.164094	-2.991358	2	5	92	649.931
0.261799	0.203748	0.590255	94	110	16	649.915
2.617994	0.370812	-2.547742	100	18	104	649.866
2.879793	0.831641	0.616218	99	15	2	649.737
-1.308997	1.025536	1.576859	100	18	14	649.706
1.308997	2.724429	-0.348782	5	16	101	649.674
2.094395	0.615174	-0.666022	99	21	5	649.625
0.523599	1.374601	-2.456031	8	107	93	649.605
1.832596	2.379497	0.561089	100	16	3	649.525
-3.141593	1.732874	-0.951685	95	16	105	649.507
-2.879793	2.588535	-2.976617	19	4	18	649.495
-2.879793	1.218453	2.777284	98	17	103	649.125
0.523599	1.504028	0.636812	100	14	97	649.124
-2.879793	2.455966	-0.641220	100	19	2	648.968
2.617994	1.367556	0.358405	104	16	106	648.950
0.785398	0.080730	-2.622036	18	94	0	648.921
-1.832596	0.591903	2.010408	98	22	11	648.750
-1.308997	2.592629	0.909713	4	14	17	648.736
-0.785398	2.104282	-0.813972	23	4	11	648.703
1.832596	1.617114	-1.572037	111	23	101	648.680
-2.356194	0.418037	1.360082	91	4	93	648.567
2.879793	2.174483	2.653697	6	9	98	648.399
-1.570796	2.115563	0.685730	94	8	14	648.341
-1.570796	0.297065	2.160177	104	21	11	648.294
1.570796	1.606104	-0.451151	97	19	103	648.286
1.308997	0.418037	1.360082	111	18	101	648.088
-2.356194	1.504028	0.636812	94	16	15	647.964
2.094395	1.696674	-1.253233	106	26	107	647.928
-0.523599	2.719179	-1.780644	93	11	0	647.858
-2.094395	2.164094	-2.991358	94	10	9	647.489
1.832596	0.640596	-2.797608	85	5	3	647.270
-1.047198	2.455966	-0.641220	92	10	5	647.176
-1.570796	2.984978	1.954446	96	21	98	646.984
2.617994	0.899350	-2.069907	95	18	100	646.949
0.000000	0.685216	-1.712745	88	20	110	646.933
1.308997	2.033014	2.977192	12	8	99	646.861
-2.356194	2.153910	-1.714959	88	17	108	646.602
1.308997	1.809167	1.213774	98	20	98	646.587
-2.617994	1.736875	3.023612	106	20	98	646.360
1.832596	0.619654	-2.216909	96	16	5	646.253
-2.356194	1.374601	-2.456031	96	14	6	646.212
-1.308997	2.033014	2.977192	22	7	10	646.186
0.785398	1.721184	-0.153948	3	7	21	646.084
2.356194	0.831641	0.616218	16	11	18	645.975
-2.094395	1.135813	-2.658866	106	20	105	645.925
-2.094395	2.760637	2.781135	101	111	88	645.780
-0.523599	2.349581	-2.702517	1	6	90	645.760
1.308997	0.618092	2.539118	85	4	103	645.635
-3.141593	0.960688	-0.577532	98	14	13	645.611
-1.570796	2.881233	-2.582574	92	11	108	645.310
-0.785398	1.413347	-1.339188	96	25	3	645.199
0.261799	1.736875	3.023612	109	16	14	645.151
0.000000	1.113094	-0.272241	101	16	107	645.042
-2.094395	1.569311	-3.003978	99	7	13	645.028
-0.523599	1.413347	-1.339188	92	23	2	644.927
2.094395	2.863997	0.549740	3	18	103	644.794
-1.308997	2.719179	-1.780644	91	18	3	644.646
-2.094395	2.001437	0.381215	14	14	16	644.477
0.000000	0.961715	0.014085	95	15	104	644.464
0.785398	1.683268	0.374177	6	105	23	644.399
-2.094395	0.733948	3.021411	90	6	10	644.363
2.356194	1.554776	0.100351	87	106	99	644.315
1.047198	0.733948	3.021411	26	111	1	643.909
-2.094395	1.135834	-1.431087	99	16	1	643.903
2.617994	0.831641	0.616218	106	18	102	643.846
1.308997	2.041297	-2.664597	104	7	93	643.721
1.047198	0.080730	-2.622036	101	11	16	643.426
-2.617994	0.370812	-2.547742	98	16	103	643.393
1.832596	1.214854	-1.966664	108	16	96	643.376
0.000000	2.478122	2.609777	93	14	111	643.304
0.523599	0.700570	1.559208	7	99	18	643.229
1.570796	2.456751	-1.503343	95	17	111	643.134
-2.879793	0.379747	-1.713059	92	18	5	643.121
1.047198	1.555207	1.708892	107	24	103	643.121
2.617994	2.073035	2.027405	98	16	108	643.118
-2.094395	1.683268	0.374177	0	7	20	643.038
-1.308997	2.073035	2.027405	82	111	100	643.001
0.785398	0.418037	1.360082	96	15	2	642.909
2.094395	2.407836	1.410646	104	15	104	642.907
1.832596	2.588535	-2.976617	110	15	94	642.622
-2.356194	1.658653	-2.409879	98	15	1	642.599
-2.356194	1.824694	1.850876	108	25	109	642.527
-2.356194	1.948085	-2.363031	98	16	109	642.510
-0.785398	0.709924	0.218797	11	3	23	642.306
-0.785398	1.247695	1.809890	100	14	102	642.201
-2.879793	2.379497	0.561089	97	25	3	642.114
-1.047198	1.335669	0.897240	110	6	21	642.059
2.356194	2.115563	0.685730	96	12	10	641.875
-1.047198	1.195355	1.200319	90	10	17	641.835
-2.617994	1.113094	-0.272241	88	7	6	641.804
-1.047198	2.407836	1.410646	82	7	0	641.754
0.523599	1.872854	1.543456	98	17	0	641.736
0.000000	1.367556	0.358405	97	12	9	641.497
-2.879793	2.001437	0.381215	94	23	7	641.438
2.094395	2.396274	-1.959260	8	16	100	641.311
-2.094395	1.025536	1.576859	102	17	105	641.257
2.617994	2.592629	0.909713	97	14	9	641.226
-1.832596	1.555207	1.708892	94	22	6	641.206
0.261799	0.571433	-1.188419	86	11	103	641.189
-3.141593	2.180315	-1.357379	108	23	104	641.180
2.094395	0.866955	-0.931351	92	14	1	641.137
-1.832596	2.115563	0.685730	101	18	109	640.746
-0.785398	1.045978	0.343692	6	0	23	640.644
-0.785398	0.910508	1.903534	94	12	10	640.620
-0.261799	2.356369	3.005869	90	9	91	640.603
-0.785398	1.846342	-1.796954	99	13	105	640.593
2.094395	0.864993	2.278281	104	16	102	640.391
-1.047198	2.704512	1.488683	94	13	7	640.373
-3.141593	2.073035	2.027405	99	16	101	640.280
0.261799	1.875281	0.107086	92	18	101	640.198
-0.523599	2.456751	-1.503343	97	12	108	640.075
-1.570796	1.014500	0.906702	96	17	111	640.044
2.617994	1.335669	0.897240	84	110	104	639.905
-0.785398	1.310100	1.488307	85	6	12	639.880
-3.141593	1.658653	-2.409879	103	14	103	639.753
-2.617994	1.554776	0.100351	88	11	4	639.628
1.570796	1.450119	-2.739050	92	9	8	639.498
1.308997	0.370812	-2.547742	86	10	109	639.479
2.356194	0.419640	2.974122	100	19	110	639.428
-1.832596	1.662363	0.915448	98	17	109	639.396
1.570796	1.732874	-0.951685	97	20	110	639.246
-1.047198	2.881233	-2.582574	98	109	89	638.901
-2.356194	1.413430	2.550734	6	11	102	638.685
-0.785398	1.195355	1.200319	96	17	107	638.661
-0.523599	1.809167	1.213774	91	14	0	638.643
-2.356194	1.014500	0.906702	102	13	17	638.623
-2.617994	0.910508	1.903534	100	18	107	638.513
-3.141593	2.664082	-1.071402	92	12	98	638.477
2.356194	1.135813	-2.658866	16	16	102	638.362
-1.308997	2.587733	0.232235	4	13	17	638.196
1.570796	2.187132	-0.479875	102	17	103	638.181
-2.879793	0.618092	2.539118	96	16	110	638.120
1.308997	0.910508	1.903534	102	24	106	638.029
-2.617994	1.374601	-2.456031	93	16	2	638.007
2.617994	1.128190	-2.288622	100	17	0	637.959
1.570796	1.374601	-2.456031	108	9	95	637.932
1.047198	2.247462	0.191623	85	10	108	637.872
1.570796	2.041297	-2.664597	8	15	100	637.515
-2.356194	2.724429	-0.348782	103	18	108	637.513
0.261799	2.456751	-1.503343	89	4	11	637.472
2.356194	1.948085	-2.363031	97	17	0	637.445
-2.879793	2.033014	2.977192	93	18	104	637.411
2.094395	2.579248	-2.364801	3	16	97	637.354
1.832596	1.510910	-0.740472	24	9	16	637.347
-1.047198	2.456751	-1.503343	93	19	2	637.279
-0.785398	2.704512	1.488683	94	14	5	637.098
-2.356194	1.809167	1.213774	97	18	108	637.035
1.047198	1.417623	-0.202254	111	8	19	636.699
2.356194	1.256302	0.062705	109	9	99	636.526
-1.832596	2.881233	-2.582574	95	14	109	636.517
1.047198	1.506530	1.988858	90	12	1	636.455
-1.308997	2.393226	1.857173	96	16	100	636.355
1.832596	0.762244	-0.273349	100	19	9	636.198
2.617994	1.242974	-2.977882	5	19	98	636.078
-0.785398	2.456751	-1.503343	99	14	108	636.068
-1.308997	1.113094	-0.272241	87	95	7	635.943
-1.308997	0.733948	3.021411	97	17	0	635.840
1.832596	0.831641	0.616218	101	12	102	635.677
-0.785398	2.396274	-1.959260	96	11	110	635.570
2.356194	2.356369	3.005869	106	19	95	635.441
2.617994	1.135813	-2.658866	1	22	99	635.431
0.261799	1.998705	2.370472	98	18	109	635.412
-2.879793	1.025536	1.576859	25	5	8	635.007
-0.523599	1.872854	1.543456	94	15	109	634.916
0.785398	1.699788	2.452890	5	2	20	634.816
-2.356194	0.866955	-0.931351	85	1	9	634.769
0.523599	1.721184	-0.153948	10	107	22	634.721
-2.617994	1.367556	0.358405	91	10	7	634.573
0.261799	0.700570	1.559208	5	100	17	634.561
1.570796	2.579248	-2.364801	85	7	0	634.367
-2.617994	2.073035	2.027405	91	12	102	634.321
-0.261799	2.104282	-0.813972	25	1	111	634.182
1.832596	1.569311	-3.003978	22	5	107	634.098
-0.261799	2.299159	2.264663	5	14	15	633.913
-0.261799	0.615174	-0.666022	83	10	99	633.840
-0.785398	1.214854	-1.966664	99	11	102	633.837
-1.570796	0.733948	3.021411	96	18	108	633.772
-1.570796	0.906588	1.252948	97	17	109	633.682
-0.261799	2.063651	-2.044600	95	12	10	633.584
2.356194	1.014500	0.906702	102	17	105	633.326
-0.523599	0.866955	-0.931351	88	20	103	633.304
-2.879793	1.504028	0.636812	96	14	4	633.149
-2.094395	1.168678	2.108595	99	26	111	633.016
-2.617994	0.418037	1.360082	91	6	93	632.979
2.879793	2.478122	2.609777	6	5	96	632.823
-3.141593	2.164094	-2.991358	103	8	91	632.770
-1.047198	1.555207	1.708892	83	11	7	632.731
-1.570796	2.041297	-2.664597	94	10	10	632.653
-0.785398	0.496451	0.593859	10	10	22	632.630
1.570796	0.831641	0.616218	20	12	104	632.605
2.094395	0.929350	-2.910676	84	4	3	632.517
1.047198	0.961715	0.014085	104	12	17	632.491
-1.832596	0.709924	0.218797	90	12	109	632.470
0.261799	1.870545	-2.976234	107	14	14	632.393
-2.617994	2.108018	1.311430	21	13	15	632.312
1.308997	1.574060	2.783565	14	7	103	632.289
-2.094395	2.089241	-0.114193	101	18	1	632.212
-2.879793	0.370812	-2.547742	100	16	103	632.210
-2.094395	1.195355	1.200319	102	18	105	632.198
-1.308997	1.869911	2.701025	82	107	103	631.983
-1.570796	2.187132	-0.479875	97	16	0	631.960
-0.785398	0.762244	-0.273349	91	14	98	631.755
-3.141593	2.041297	-2.664597	102	11	94	631.745
1.832596	2.881233	-2.582574	109	15	103	631.599
0.523599	2.393226	1.857173	96	14	8	631.313
-1.047198	0.961715	0.014085	94	13	94	631.242
-2.356194	1.606104	-0.451151	84	5	1	631.196
-2.879793	1.658653	-2.409879	102	16	103	631.173
-0.785398	0.960688	-0.577532	95	19	101	630.809
-0.785398	2.592629	0.909713	103	4	91	630.734
-0.523599	0.591903	2.010408	25	4	9	630.728
-0.261799	1.488617	1.159546	89	13	110	630.692
-1.570796	0.709924	0.218797	100	16	3	630.667
-3.141593	0.866955	-0.931351	98	16	11	630.587
-1.047198	2.104282	-0.813972	92	9	7	630.559
-2.356194	0.370812	-2.547742	81	1	104	630.499
2.617994	1.391910	3.030322	5	15	101	630.358
1.047198	0.203748	0.590255	100	18	111	630.178
1.832596	0.458961	-0.107937	7	111	23	629.924
-0.523599	1.450119	-2.739050	13	4	102	629.592
-2.094395	1.413430	2.550734	5	14	102	629.531
0.000000	0.850607	-1.335383	84	16	108	629.496
2.094395	1.617114	-1.572037	94	17	109	629.401
-2.617994	2.295480	1.008277	104	26	0	629.355
2.356194	0.619654	-2.216909	102	17	101	629.105
-0.261799	0.290380	-0.796960	21	11	15	628.740
-2.879793	0.864993	2.278281	99	18	107	628.651
-2.879793	2.104282	-0.813972	98	18	3	628.648
2.356194	1.909857	-0.381669	103	25	3	628.525
2.879793	1.135813	-2.658866	100	17	109	628.462
2.356194	0.370812	-2.547742	103	17	104	628.409
-2.617994	1.545873	-1.877082	90	13	100	628.404
-2.617994	1.433411	-1.035986	87	9	111	628.256
-0.785398	2.108018	1.311430	95	16	1	628.177
2.617994	2.579248	-2.364801	97	17	110	628.055
2.879793	1.374601	-2.456031	94	16	107	628.031
-1.832596	1.184361	0.625864	101	18	110	628.011
-0.785398	0.831641	0.616218	5	5	23	627.867
1.047198	2.719179	-1.780644	20	3	107	627.862
0.261799	2.108018	1.311430	96	13	98	627.840
-0.523599	2.979456	-1.009304	100	15	105	627.787
2.356194	2.579248	-2.364801	96	17	106	627.693
-1.570796	1.301460	-0.509251	86	11	8	627.677
-1.308997	1.195355	1.200319	91	14	109	627.441
0.261799	0.496451	0.593859	100	13	17	627.190
-3.141593	1.904882	-1.478089	107	24	109	627.180
-0.523599	0.496451	0.593859	1	16	18	627.127
2.356194	0.571433	-1.188419	106	16	102	627.097
-2.617994	1.870545	-2.976234	98	17	106	627.090
-2.356194	2.407836	1.410646	104	25	107	627.047
2.617994	2.295480	1.008277	102	13	99	626.960
0.000000	2.108018	1.311430	99	13	98	626.924
0.785398	0.203748	0.590255	95	16	12	626.917
-2.617994	1.699788	2.452890	91	13	0	626.900
1.308997	1.506530	1.988858	98	26	106	626.783
-1.047198	1.325504	-1.671296	101	11	100	626.335
0.785398	0.619654	-2.216909	96	16	109	626.318
-2.617994	2.164094	-2.991358	22	5	15	626.279
2.356194	2.724429	-0.348782	90	15	103	626.271
-2.879793	0.992645	-1.723759	92	18	107	626.214
1.570796	1.417623	-0.202254	95	17	7	626.140
1.570796	1.335669	0.897240	92	13	5	626.090
2.356194	2.704512	1.488683	93	14	105	626.051
0.523599	2.174483	2.653697	25	9	13	625.922
2.879793	1.050534	3.042579	104	16	103	625.535
-2.617994	1.606104	-0.451151	87	9	2	625.468
-0.785398	1.617114	-1.572037	100	12	101	625.457
0.785398	2.356369	3.005869	101	5	91	625.431
-1.308997	1.982574	-1.115518	84	5	0	625.318
1.832596	2.089241	-0.114193	102	19	108	625.291
-0.523599	0.864993	2.278281	24	7	13	625.267
0.000000	1.875281	0.107086	94	20	100	625.257
-1.832596	1.335669	0.897240	100	18	107	625.152
2.879793	0.370812	-2.547742	106	25	4	625.057
0.785398	1.741644	-2.695914	104	15	101	624.994
-1.047198	1.872854	1.543456	82	9	6	624.945
-1.570796	0.615174	-0.666022	94	11	15	624.905
-1.047198	1.510910	-0.740472	101	26	103	624.814
-1.308997	0.906588	1.252948	96	15	18	624.792
2.879793	0.615174	-0.666022	100	14	14	624.725
-0.261799	1.766067	2.153843	94	14	104	624.637
0.523599	1.433411	-1.035986	83	8	0	624.599
-1.832596	2.073035	2.027405	91	8	94	624.334
-0.261799	2.587733	0.232235	12	8	106	624.328
0.523599	2.089241	-0.114193	29	6	9	624.286
-2.879793	2.251330	-2.330739	97	5	89	624.278
1.047198	2.478122	2.609777	111	7	89	624.118
-3.141593	1.128190	-2.288622	92	13	0	624.006
0.261799	1.574060	2.783565	101	17	0	623.998
-2.879793	2.704512	1.488683	102	7	94	623.944
-2.879793	1.195355	1.200319	97	10	9	623.932
2.356194	0.992645	-1.723759	15	101	110	623.836
-1.047198	0.700570	1.559208	101	17	15	623.811
-1.308997	1.809167	1.213774	98	16	10	623.786
-0.785398	2.295480	1.008277	81	1	106	623.685
-1.832596	2.704512	1.488683	90	21	103	623.678
-2.094395	2.704512	1.488683	95	23	103	623.663
-0.785398	0.618092	2.539118	96	16	4	623.647
-3.141593	2.063651	-2.044600	99	10	93	623.542
0.785398	0.419640	2.974122	86	5	103	623.202
-1.570796	1.869911	2.701025	81	111	102	623.148
2.617994	0.700570	1.559208	14	91	6	623.090
-2.617994	1.214854	-1.966664	90	15	103	623.088
-2.879793	1.135813	-2.658866	89	11	109	623.067
-2.094395	2.247462	0.191623	10	14	17	622.903
0.000000	1.809167	1.213774	110	19	103	622.885
-1.047198	1.045978	0.343692	94	14	6	622.725
2.094395	2.187132	-0.479875	92	16	102	622.534
-2.094395	2.104282	-0.813972	91	18	106	622.481
2.094395	1.741644	-2.695914	99	4	89	622.411
-1.047198	1.301460	-0.509251	10	10	104	622.323
1.308997	1.617114	-1.572037	97	17	110	622.125
-2.617994	0.864993	2.278281	98	16	108	622.094
-0.261799	0.203748	0.590255	95	13	5	622.028
-0.261799	1.683268	0.374177	95	15	2	621.964
0.785398	1.256302	0.062705	5	1	25	621.955
-2.094395	1.417623	-0.202254	94	19	3	621.937
2.617994	1.448123	-2.163292	100	16	108	621.870
1.832596	2.456751	-1.503343	92	16	111	621.795
1.832596	2.343981	-1.040456	86	97	108	621.713
-1.832596	0.899350	-2.069907	100	14	104	621.650
0.000000	2.164094	-2.991358	94	5	89	621.621
0.000000	2.356369	3.005869	105	16	100	621.573
1.308997	0.571433	-1.188419	94	12	7	621.538
2.617994	2.138223	1.678323	95	15	104	621.367
-2.617994	0.619654	-2.216909	27	109	6	621.145
-1.570796	2.979456	-1.009304	104	10	95	621.034
-3.141593	0.910508	1.903534	26	4	5	620.950
-2.617994	1.812176	0.656819	95	21	11	620.938
2.617994	2.719179	-1.780644	94	10	95	620.787
-0.261799	1.599406	1.426070	89	13	108	620.657
-0.261799	1.982574	-1.115518	25	2	109	620.453
2.356194	1.696674	-1.253233	101	25	108	620.396
-2.356194	2.587733	0.232235	96	16	6	620.377
0.523599	2.719179	-1.780644	9	105	95	620.360
-1.047198	1.256302	0.062705	6	109	22	620.310
1.047198	1.440580	2.260026	103	26	0	620.191
2.879793	1.218453	2.777284	108	16	102	620.132
0.523599	0.203748	0.590255	94	17	15	620.118
-0.261799	1.134497	-1.109631	86	19	109	620.026
-2.094395	1.574060	2.783565	85	9	105	619.954
0.000000	1.134497	-1.109631	88	17	109	619.909
2.617994	1.875281	0.107086	107	13	100	619.684
-1.308997	2.637879	2.121598	91	19	98	619.672
1.308997	0.419640	2.974122	4	7	22	619.641
-1.047198	1.135813	-2.658866	99	16	107	619.508
2.617994	0.674054	1.013609	99	14	4	619.457
1.570796	0.733948	3.021411	101	18	108	619.333
-1.832596	0.864993	2.278281	0	19	103	619.297
0.785398	2.407836	1.410646	93	12	8	619.296
-2.617994	2.393226	1.857173	99	10	96	619.296
-0.261799	2.033014	2.977192	5	15	99	619.188
2.094395	0.640596	-2.797608	82	1	0	619.188
0.785398	2.138223	1.678323	94	13	6	619.173
0.523599	1.736875	3.023612	106	18	14	619.096
0.000000	0.709924	0.218797	1	13	18	619.077
-1.832596	0.080730	-2.622036	96	17	106	619.046
-1.047198	0.618092	2.539118	86	14	6	618.938
-1.832596	2.393226	1.857173	95	23	102	618.901
0.785398	1.869911	2.701025	95	13	6	618.870
-0.261799	1.194549	-0.801900	90	18	105	618.860
2.356194	1.732874	-0.951685	99	26	110	618.797
-1.570796	2.295480	1.008277	22	111	109	618.738
0.523599	2.588535	-2.976617	98	18	105	618.698
-0.785398	1.982574	-1.115518	89	107	95	618.523
-2.094395	1.554776	0.100351	94	20	110	618.484
2.879793	2.164094	-2.991358	1	7	91	618.384
-0.261799	0.910508	1.903534	3	98	17	618.343
1.832596	0.709924	0.218797	22	9	105	618.335
-1.832596	1.168678	2.108595	102	22	8	618.282
0.785398	2.393226	1.857173	93	11	7	618.224
2.094395	1.374601	-2.456031	5	17	96	618.220
-0.523599	0.960688	-0.577532	92	17	101	618.213
-2.617994	1.448123	-2.163292	93	15	99	618.174
1.832596	1.555207	1.708892	90	21	104	618.045
-2.356194	1.335669	0.897240	99	17	15	617.941
1.308997	0.080730	-2.622036	8	12	104	617.500
-2.356194	0.733948	3.021411	100	16	99	617.443
-2.879793	1.574060	2.783565	92	5	14	617.436
1.047198	2.881233	-2.582574	98	17	111	617.186
-1.832596	2.356369	3.005869	105	18	97	617.122
0.523599	0.458961	-0.107937	99	19	1	616.987
0.523599	1.869911	2.701025	23	12	16	616.956
2.094395	1.872854	1.543456	8	13	19	616.780
1.832596	1.836682	-0.676006	95	17	5	616.642
-3.141593	0.929350	-2.910676	1	26	107	616.537
-2.356194	0.619654	-2.216909	93	6	17	616.529
-0.785398	1.367556	0.358405	6	9	23	616.525
-2.094395	1.721184	-0.153948	106	14	100	616.435
-2.617994	2.033014	2.977192	90	15	104	616.402
-1.047198	0.899350	-2.069907	88	6	6	616.359
0.523599	1.658653	-2.409879	7	12	102	616.121
-3.141593	2.719179	-1.780644	101	16	106	616.114
-2.879793	0.297065	2.160177	21	9	109	616.083
2.617994	1.872854	1.543456	5	18	99	615.984
0.000000	0.733948	3.021411	91	11	110	615.872
-1.832596	2.587733	0.232235	101	19	107	615.823
-2.356194	1.599406	1.426070	106	24	7	615.750
1.308997	2.979456	-1.009304	25	3	0	615.720
-2.094395	2.863997	0.549740	100	17	104	615.648
-1.308997	2.343981	-1.040456	93	8	9	615.647
-2.094395	2.187132	-0.479875	93	19	102	615.633
-0.523599	1.413430	2.550734	80	0	100	615.571
-3.141593	1.256302	0.062705	103	13	99	615.537
2.356194	2.343981	-1.040456	91	14	2	615.537
1.570796	1.569311	-3.003978	5	109	27	615.272
0.523599	1.506530	1.988858	2	23	105	615.230
1.832596	0.992645	-1.723759	102	17	108	615.019
-0.261799	2.295480	1.008277	100	14	101	615.014
-1.047198	2.164094	-2.991358	19	25	108	614.944
0.000000	2.407836	1.410646	17	20	11	614.915
2.094395	1.134796	2.434290	101	15	104	614.905
-2.356194	2.881233	-2.582574	18	6	17	614.896
1.308997	0.961715	0.014085	106	14	19	614.873
0.523599	1.391910	3.030322	94	16	109	614.828
0.000000	1.599406	1.426070	0	16	101	614.678
-2.617994	0.685216	-1.712745	98	10	15	614.671
0.000000	0.992645	-1.723759	88	20	3	614.665
-0.261799	0.914445	2.687814	25	13	17	614.628
0.000000	2.719179	-1.780644	90	1	13	614.612
0.523599	2.478122	2.609777	26	8	11	614.608
2.879793	2.456751	-1.503343	110	22	101	614.461
-3.141593	2.587733	0.232235	2	102	19	614.416
-1.047198	0.297065	2.160177	89	109	13	614.379
2.356194	2.863997	0.549740	1	20	103	614.286
1.570796	1.310100	1.488307	95	8	8	614.248
-1.047198	0.914445	2.687814	84	13	1	614.232
-1.308997	1.555207	1.708892	85	16	7	614.194
-2.879793	1.440580	2.260026	103	14	97	614.192
-0.785398	1.135834	-1.431087	99	26	0	614.156
1.308997	1.450119	-2.739050	92	11	10	613.892
-0.261799	1.135834	-1.431087	88	20	1	613.850
0.261799	1.310100	1.488307	85	8	106	613.736
-1.570796	1.683268	0.374177	95	16	2	613.706
-3.141593	1.184361	0.625864	99	14	98	613.660
1.832596	2.033014	2.977192	4	16	99	613.650
-1.308997	1.335669	0.897240	109	7	20	613.642
-2.094395	2.343981	-1.040456	94	14	1	613.627
-0.523599	1.488617	1.159546	93	15	110	613.592
1.570796	1.599406	1.426070	96	21	99	613.581
2.356194	2.637879	2.121598	86	17	5	613.511
0.261799	1.391910	3.030322	107	21	10	613.466
1.570796	0.960688	-0.577532	82	2	104	613.311
-1.832596	0.419640	2.974122	97	20	5	613.167
1.832596	1.448123	-2.163292	102	12	94	613.147
2.879793	0.866395	-2.492918	106	26	105	613.096
0.523599	0.591903	2.010408	111	20	111	613.076
1.832596	1.741644	-2.695914	100	3	89	613.057
-1.832596	1.869911	2.701025	98	21	102	613.044
2.617994	1.699788	2.452890	15	12	105	613.037
0.000000	1.014500	0.906702	98	15	105	612.963
-3.141593	1.870545	-2.976234	19	109	105	612.934
2.879793	0.418037	1.360082	16	92	3	612.738
-1.832596	1.310100	1.488307	96	20	12	612.482
-1.047198	1.413430	2.550734	88	13	106	612.477
-1.308997	1.948085	-2.363031	96	12	0	612.375
1.308997	0.700570	1.559208	107	21	103	612.315
-1.047198	2.108018	1.311430	81	6	5	612.228
1.047198	1.218453	2.777284	85	9	109	612.211
-1.570796	1.391910	3.030322	82	0	111	612.117
0.261799	1.766067	2.153843	98	18	111	612.037
1.832596	0.379747	-1.713059	97	16	3	611.904
1.047198	2.138223	1.678323	12	11	17	611.890
-3.141593	1.417623	-0.202254	91	14	3	611.810
-2.356194	0.685216	-1.712745	96	13	7	611.653
0.785398	0.709924	0.218797	103	12	19	611.628
-1.570796	1.050534	3.042579	26	2	15	611.602
-1.047198	2.247462	0.191623	82	97	105	611.494
-2.094395	2.180315	-1.357379	92	11	3	611.304
-0.523599	2.881233	-2.582574	5	18	100	611.292
0.261799	2.349581	-2.702517	98	8	90	611.077
2.356194	1.135834	-1.431087	90	14	101	610.896
-3.141593	1.875281	0.107086	94	22	8	610.852
-1.308997	2.108018	1.311430	83	11	6	610.755
-1.308997	0.709924	0.218797	93	10	94	610.716
2.356194	1.448123	-2.163292	97	7	90	610.469
1.832596	0.685216	-1.712745	109	12	17	610.369
1.308997	1.736875	3.023612	3	107	91	610.241
-2.356194	2.704512	1.488683	102	7	92	610.139
2.879793	1.948085	-2.363031	99	14	94	610.084
-2.094395	0.419640	2.974122	100	23	6	609.926
0.785398	1.870545	-2.976234	89	10	103	609.921
-2.617994	1.569311	-3.003978	103	21	96	609.918
1.570796	2.588535	-2.976617	100	1	88	609.749
1.308997	1.256302	0.062705	0	11	22	609.732
-2.879793	2.456751	-1.503343	99	21	102	609.658
0.785398	0.899350	-2.069907	95	16	0	609.613
0.785398	1.696674	-1.253233	83	5	4	609.607
1.308997	2.164094	-2.991358	107	16	102	609.604
-1.832596	1.374601	-2.456031	97	12	6	609.446
-2.356194	1.247695	1.809890	15	106	104	609.177
2.356194	0.929350	-2.910676	93	17	108	609.090
0.261799	2.881233	-2.582574	97	17	96	609.048
1.570796	1.977582	0.969896	92	15	99	609.015
-2.617994	2.456751	-1.503343	95	19	102	608.976
2.879793	1.875281	0.107086	104	15	103	608.963
-2.356194	1.732874	-0.951685	94	21	1	608.950
-1.832596	1.391910	3.030322	92	21	104	608.868
-0.785398	2.138223	1.678323	80	5	0	608.764
-2.879793	0.615174	-0.666022	95	14	0	608.677
0.000000	1.904882	-1.478089	89	13	6	608.650
2.094395	1.242974	-2.977882	97	18	106	608.470
-0.523599	2.356369	3.005869	92	11	90	608.396
-3.141593	1.134796	2.434290	10	16	102	608.336
-0.785398	1.998705	2.370472	103	15	104	608.184
-0.261799	1.736875	3.023612	10	9	101	608.043
1.047198	1.554776	0.100351	9	111	23	607.935
-1.308997	2.455966	-0.641220	91	13	1	607.830
1.047198	1.824694	1.850876	8	12	17	607.648
-1.570796	1.696674	-1.253233	89	14	108	607.641
-0.261799	0.762244	-0.273349	23	20	109	607.589
0.000000	1.218453	2.777284	94	13	99	607.551
-0.261799	0.618092	2.539118	94	11	6	607.521
-0.261799	0.929350	-2.910676	93	10	1	607.332
-0.785398	2.164094	-2.991358	90	1	9	607.255
1.047198	1.699788	2.452890	19	2	105	607.072
0.785398	2.247462	0.191623	87	12	110	606.793
2.617994	2.153910	-1.714959	2	24	106	606.695
-1.570796	1.310100	1.488307	92	18	12	606.679
-2.879793	2.478122	2.609777	96	13	97	606.385
1.047198	1.045978	0.343692	102	6	94	606.384
-3.141593	1.113094	-0.272241	103	15	102	606.301
2.617994	1.218453	2.777284	91	14	104	606.054
-1.570796	2.349581	-2.702517	88	110	93	605.886
-0.261799	1.696674	-1.253233	104	19	109	605.806
-0.261799	2.407836	1.410646	82	110	102	605.725
0.785398	1.367556	0.358405	99	10	94	605.643
-2.879793	2.664082	-1.071402	105	17	106	605.606
-1.832596	1.214854	-1.966664	95	12	5	605.344
1.832596	1.310100	1.488307	93	10	3	605.143
-3.141593	0.618092	2.539118	98	18	110	605.080
0.000000	2.592629	0.909713	95	14	106	605.076
-0.523599	0.640596	-2.797608	95	13	105	605.032
0.523599	2.180315	-1.357379	86	4	10	604.955
0.000000	0.906588	1.252948	96	5	19	604.904
-2.094395	1.450119	-2.739050	110	20	102	604.869
-3.141593	2.984978	1.954446	90	10	107	604.867
1.832596	1.545873	-1.877082	99	15	97	604.801
-1.047198	1.413347	-1.339188	4	9	19	604.781
2.356194	2.588535	-2.976617	106	17	92	604.769
-0.785398	2.356369	3.005869	94	13	90	604.684
0.785398	2.579248	-2.364801	101	18	107	604.649
-2.094395	1.824694	1.850876	101	26	107	604.623
0.261799	0.929350	-2.910676	88	8	107	604.559
1.832596	2.104282	-0.813972	109	24	106	604.508
-0.785398	1.134497	-1.109631	95	25	108	604.491
-0.785398	1.014500	0.906702	99	8	17	604.419
0.785398	0.831641	0.616218	105	7	94	604.419
-2.094395	1.606104	-0.451151	83	1	0	604.334
0.000000	1.617114	-1.572037	100	17	1	604.278
0.523599	2.407836	1.410646	94	14	7	604.111
-1.308997	2.984978	1.954446	110	8	93	604.106
-2.094395	2.407836	1.410646	94	24	106	604.042
-1.308997	1.510910	-0.740472	109	25	102	603.795
-1.047198	1.194549	-0.801900	103	25	103	603.791
-1.308997	1.836682	-0.676006	86	8	110	603.740
-1.047198	1.247695	1.809890	86	13	9	603.640
-3.141593	2.704512	1.488683	0	21	105	603.506
2.094395	1.128190	-2.288622	93	16	2	603.425
2.879793	1.025536	1.576859	93	6	9	603.409
0.261799	0.831641	0.616218	96	15	102	603.271
-1.047198	1.998705	2.370472	86	11	111	603.270
-2.617994	2.343981	-1.040456	101	16	1	603.257
-2.879793	1.214854	-1.966664	94	18	103	603.226
0.261799	1.872854	1.543456	98	13	97	603.207
-1.570796	1.736875	3.023612	81	111	106	603.095
1.832596	0.929350	-2.910676	85	8	3	603.092
1.308997	0.709924	0.218797	103	15	14	603.027
2.879793	2.637879	2.121598	93	14	109	602.837
-2.356194	2.456751	-1.503343	91	13	1	602.829
-2.617994	2.407836	1.410646	110	24	106	602.750
0.000000	2.863997	0.549740	21	13	16	602.747
-2.356194	1.569311	-3.003978	89	12	109	602.608
-2.617994	1.218453	2.777284	6	10	99	602.577
1.047198	1.413430	2.550734	102	26	5	602.471
-1.308997	1.413430	2.550734	85	17	109	602.450
0.000000	1.256302	0.062705	95	15	108	602.435
0.000000	1.824694	1.850876	86	9	107	602.347
1.308997	2.637879	2.121598	92	13	107	602.300
0.000000	1.413347	-1.339188	100	17	109	602.125
-1.832596	1.413347	-1.339188	93	14	0	602.062
-1.047198	0.496451	0.593859	0	13	18	601.994
1.308997	0.458961	-0.107937	99	17	16	601.988
-1.570796	1.113094	-0.272241	87	12	7	601.966
-1.832596	1.809167	1.213774	85	10	105	601.797
1.832596	0.419640	2.974122	105	13	17	601.737
0.523599	1.683268	0.374177	4	102	22	601.675
2.879793	2.881233	-2.582574	98	17	109	601.661
0.785398	2.588535	-2.976617	99	17	105	601.547
-1.570796	1.554776	0.100351	97	13	11	601.489
2.094395	1.736875	3.023612	101	16	107	601.383
-0.785398	1.506530	1.988858	101	15	103	601.166
1.308997	1.128190	-2.288622	15	6	100	601.141
-1.570796	1.195355	1.200319	94	15	17	601.112
1.832596	1.450119	-2.739050	90	7	8	601.013
-3.141593	1.135813	-2.658866	92	14	110	600.972
-2.356194	1.574060	2.783565	102	24	103	600.869
-2.617994	0.961715	0.014085	100	22	5	600.869
-2.617994	2.356369	3.005869	93	14	1	600.590
-1.308997	2.153910	-1.714959	22	5	11	600.585
2.094395	1.870545	-2.976234	99	111	88	600.526
0.523599	1.310100	1.488307	84	5	106	600.520
-1.832596	1.574060	2.783565	95	22	104	600.454
-1.047198	1.135834	-1.431087	104	26	0	600.406
1.308997	1.413347	-1.339188	94	15	1	600.305
0.523599	0.910508	1.903534	111	21	2	600.202
-1.308997	1.488617	1.159546	81	2	111	599.945
1.832596	2.760637	2.781135	98	106	88	599.654
2.617994	2.115563	0.685730	108	13	97	599.568
-1.047198	2.588535	-2.976617	100	15	100	599.530
2.879793	0.571433	-1.188419	95	20	1	599.396
-0.785398	1.948085	-2.363031	91	6	16	599.330
2.617994	2.456751	-1.503343	110	22	104	599.318
-1.832596	0.733948	3.021411	92	21	108	599.216
1.047198	0.864993	2.278281	102	25	111	599.168
-1.308997	1.812176	0.656819	101	19	105	599.011
-2.617994	0.733948	3.021411	103	15	99	599.009
-0.785398	1.301460	-0.509251	83	111	6	598.916
0.261799	2.295480	1.008277	106	25	107	598.910
0.000000	1.184361	0.625864	94	14	6	598.891
-0.261799	1.662363	0.915448	8	98	20	598.527
0.261799	2.104282	-0.813972	87	13	108	598.445
1.047198	2.724429	-0.348782	86	6	110	598.408
1.832596	2.979456	-1.009304	98	21	101	598.314
-2.094395	1.875281	0.107086	101	19	3	598.185
2.094395	0.866395	-2.492918	93	16	1	598.179
1.570796	0.910508	1.903534	84	5	106	598.095
2.879793	2.073035	2.027405	90	14	111	598.049
2.879793	1.683268	0.374177	104	16	104	598.019
-2.617994	1.128190	-2.288622	95	15	8	597.754
-1.832596	2.295480	1.008277	95	18	110	597.612
1.047198	0.685216	-1.712745	82	0	2	597.600
-0.523599	1.741644	-2.695914	14	5	103	597.591
-1.832596	1.683268	0.374177	99	19	1	597.590
-3.141593	1.510910	-0.740472	95	15	108	597.483
-2.617994	1.741644	-2.695914	99	16	107	597.465
0.523599	0.866955	-0.931351	93	15	105	597.457
0.000000	0.674054	1.013609	97	14	100	597.449
-1.832596	1.506530	1.988858	95	24	3	597.405
-1.308997	0.960688	-0.577532	88	8	10	597.344
-1.832596	2.063651	-2.044600	83	5	100	597.175
1.570796	2.180315	-1.357379	0	22	98	597.114
1.047198	2.760637	2.781135	107	10	89	597.094
-1.308997	2.379497	0.561089	98	19	106	597.042
-0.523599	2.073035	2.027405	95	15	110	596.985
-3.141593	1.617114	-1.572037	89	17	108	596.973
1.308997	2.153910	-1.714959	25	1	107	596.966
-2.617994	1.836682	-0.676006	83	11	4	596.963
0.261799	1.869911	2.701025	95	17	3	596.902
1.308997	1.756530	-2.105156	95	17	103	596.853
-1.047198	2.760637	2.781135	99	18	93	596.818
2.356194	1.184361	0.625864	103	15	102	596.788
2.356194	2.592629	0.909713	3	4	92	596.772
1.308997	1.195355	1.200319	102	4	19	596.743
-1.832596	1.134497	-1.109631	93	15	109	596.715
-0.785398	2.760637	2.781135	96	18	96	596.454
1.047198	1.721184	-0.153948	1	5	21	596.351
2.094395	0.992645	-1.723759	14	97	1	596.350
0.261799	1.699788	2.452890	103	18	109	596.296
2.356194	2.187132	-0.479875	89	14	102	596.233
-1.308997	0.700570	1.559208	94	17	15	596.205
-1.308997	0.290380	-0.796960	20	94	0	596.172
-2.879793	2.108018	1.311430	98	17	106	596.094
2.356194	1.128190	-2.288622	0	23	101	596.080
-0.785398	0.297065	2.160177	27	111	8	596.062
-0.523599	0.850607	-1.335383	92	23	108	596.039
0.261799	0.906588	1.252948	85	111	13	595.903
-0.523599	1.554776	0.100351	6	1	21	595.793
1.047198	1.050534	3.042579	18	4	107	595.750
2.094395	2.760637	2.781135	104	13	89	595.729
-0.785398	0.961715	0.014085	92	12	94	595.727
-0.523599	1.218453	2.777284	80	110	99	595.696
1.570796	2.343981	-1.040456	26	8	1	595.649
0.785398	1.662363	0.915448	99	17	100	595.579
2.617994	1.809167	1.213774	85	0	0	595.578
0.785398	1.510910	-0.740472	91	13	0	595.413
0.000000	1.846342	-1.796954	92	13	8	595.279
-1.570796	1.045978	0.343692	100	10	92	595.255
-1.832596	1.417623	-0.202254	95	16	110	595.187
0.261799	2.579248	-2.364801	100	13	95	595.171
-2.879793	0.866955	-0.931351	107	14	16	595.160
0.523599	1.696674	-1.253233	85	8	4	595.128
1.570796	0.674054	1.013609	109	16	97	595.089
2.356194	0.297065	2.160177	25	2	17	595.028
1.047198	0.618092	2.539118	86	6	105	595.019
-2.879793	0.961715	0.014085	102	16	105	594.945
1.832596	1.869911	2.701025	7	107	93	594.936
2.356194	2.979456	-1.009304	98	17	2	594.837
-0.261799	1.135813	-2.658866	91	12	107	594.784
1.047198	1.135813	-2.658866	94	16	109	594.644
-0.785398	1.184361	0.625864	104	16	104	594.612
-2.617994	2.379497	0.561089	91	24	0	594.562
0.261799	1.982574	-1.115518	85	10	7	594.471
2.356194	0.418037	1.360082	91	5	7	594.351
1.570796	0.419640	2.974122	3	9	22	594.316
-1.832596	1.413430	2.550734	84	5	107	594.120
-2.879793	2.295480	1.008277	109	26	111	594.062
-3.141593	1.846342	-1.796954	90	16	101	594.060
-0.261799	0.297065	2.160177	10	6	101	593.953
2.879793	1.809167	1.213774	102	18	100	593.890
-1.570796	2.393226	1.857173	89	21	103	593.874
-2.094395	2.138223	1.678323	102	25	107	593.764
0.261799	1.824694	1.850876	100	18	1	593.760
-0.261799	2.393226	1.857173	89	12	0	593.637
1.570796	0.571433	-1.188419	0	22	9	593.599
-3.141593	1.977582	0.969896	96	15	100	593.524
0.000000	1.555207	1.708892	86	9	106	593.479
-0.523599	1.374601	-2.456031	94	14	106	593.466
2.094395	1.875281	0.107086	13	11	20	593.274
-2.617994	1.732874	-0.951685	82	9	1	593.234
2.617994	2.393226	1.857173	92	15	107	593.184
0.785398	1.736875	3.023612	91	13	2	593.176
-3.141593	0.640596	-2.797608	0	25	111	592.943
-0.523599	1.506530	1.988858	91	111	16	592.895
1.570796	1.982574	-1.115518	28	7	3	592.804
-3.141593	2.637879	2.121598	90	12	109	592.779
-0.523599	2.174483	2.653697	86	9	94	592.755
0.000000	2.456751	-1.503343	89	7	10	592.695
-1.308997	1.554776	0.100351	1	110	22	592.692
-1.308997	1.658653	-2.409879	97	14	9	592.643
-0.785398	2.588535	-2.976617	2	10	91	592.523
2.879793	2.063651	-2.044600	94	14	96	592.405
1.047198	2.349581	-2.702517	97	16	3	592.317
2.617994	2.089241	-0.114193	101	25	3	592.266
1.308997	1.488617	1.159546	100	12	5	592.191
-2.879793	0.850607	-1.335383	100	14	15	592.151
-2.094395	1.301460	-0.509251	94	18	7	592.121
-0.261799	0.419640	2.974122	92	13	109	592.092
0.261799	0.379747	-1.713059	1	96	16	592.085
2.094395	2.637879	2.121598	20	10	13	591.991
1.047198	0.370812	-2.547742	110	6	23	591.915
2.617994	2.984978	1.954446	95	15	106	591.894
0.261799	1.545873	-1.877082	7	9	20	591.891
-1.308997	2.760637	2.781135	0	21	100	591.804
0.000000	1.433411	-1.035986	87	16	111	591.782
0.785398	2.979456	-1.009304	106	110	90	591.781
-2.356194	1.510910	-0.740472	84	4	0	591.686
-0.785398	1.134796	2.434290	83	10	3	591.610
1.047198	0.379747	-1.713059	82	1	110	591.562
0.000000	0.615174	-0.666022	86	10	100	591.550
1.570796	1.025536	1.576859	97	21	102	591.519
-2.617994	0.700570	1.559208	93	1	91	591.494
-1.308997	1.218453	2.777284	83	16	108	591.463
-2.617994	1.050534	3.042579	0	10	95	591.422
0.000000	0.899350	-2.069907	93	23	3	591.252
-2.094395	0.615174	-0.666022	91	107	14	591.208
2.356194	2.108018	1.311430	108	12	102	591.197
0.523599	1.367556	0.358405	1	108	25	591.101
0.785398	0.496451	0.593859	98	13	15	591.100
2.879793	1.766067	2.153843	104	20	106	591.043
-2.094395	1.413347	-1.339188	100	18	0	591.032
2.617994	1.256302	0.062705	107	11	99	591.028
-3.141593	0.866395	-2.492918	100	26	106	591.027
0.261799	1.413347	-1.339188	86	14	1	590.995
-1.832596	1.247695	1.809890	96	22	9	590.842
-2.356194	1.721184	-0.153948	89	9	6	590.830
-1.047198	2.115563	0.685730	93	6	14	590.818
-2.879793	0.458961	-0.107937	101	18	109	590.729
2.094395	1.998705	2.370472	5	17	98	590.663
1.570796	1.870545	-2.976234	94	12	6	590.616
1.570796	0.762244	-0.273349	82	0	103	590.616
0.261799	0.297065	2.160177	90	13	3	590.595
1.570796	2.174483	2.653697	5	11	95	590.540
0.523599	0.960688	-0.577532	90	14	106	590.524
-2.617994	1.696674	-1.253233	83	7	0	590.438
-2.879793	2.164094	-2.991358	102	9	92	590.333
2.617994	0.992645	-1.723759	100	26	110	590.240
2.879793	1.325504	-1.671296	0	29	0	590.195
0.000000	2.588535	-2.976617	98	11	95	590.164
1.570796	1.448123	-2.163292	94	15	107	590.089
1.832596	1.658653	-2.409879	100	8	89	590.052
-2.617994	1.904882	-1.478089	90	8	98	589.731
2.617994	2.396274	-1.959260	105	20	106	589.709
-2.617994	2.349581	-2.702517	103	15	105	589.703
0.785398	1.569311	-3.003978	89	15	109	589.643
0.785398	0.591903	2.010408	97	14	105	589.585
2.879793	1.904882	-1.478089	109	26	108	589.551
0.523599	1.574060	2.783565	84	7	103	589.516
-1.570796	2.637879	2.121598	95	21	99	589.441
-0.523599	1.574060	2.783565	19	0	108	589.318
1.570796	1.440580	2.260026	94	24	2	589.255
-0.785398	1.450119	-2.739050	14	1	102	589.167
0.785398	1.766067	2.153843	10	6	19	589.117
2.094395	1.135813	-2.658866	95	17	110	589.084
-1.570796	2.587733	0.232235	98	19	109	588.961
-0.785398	2.115563	0.685730	92	4	14	588.842
-1.832596	2.108018	1.311430	83	111	102	588.805
-1.308997	1.574060	2.783565	81	107	107	588.705
0.785398	2.251330	-2.330739	100	7	92	588.626
-1.047198	1.606104	-0.451151	105	24	98	588.553
-0.523599	2.396274	-1.959260	8	11	20	588.440
-0.785398	1.741644	-2.695914	14	4	103	588.429
0.261799	0.733948	3.021411	89	7	0	588.413
2.879793	2.724429	-0.348782	91	16	0	588.340
0.523599	1.335669	0.897240	103	14	97	588.255
-1.832596	1.554776	0.100351	25	106	19	588.135
-3.141593	0.458961	-0.107937	93	13	110	588.130
2.094395	1.417623	-0.202254	92	12	7	588.129
0.000000	0.618092	2.539118	89	12	2	588.111
1.047198	1.433411	-1.035986	27	13	10	588.023
2.356194	2.393226	1.857173	82	14	2	587.845
-2.879793	2.637879	2.121598	105	5	88	587.729
-0.261799	0.418037	1.360082	91	104	15	587.717
-1.832596	0.906588	1.252948	101	17	18	587.692
0.785398	1.440580	2.260026	4	6	18	587.505
-2.094395	1.214854	-1.966664	97	14	5	587.480
0.785398	1.391910	3.030322	18	1	104	587.465
1.308997	2.404280	-0.174044	9	106	97	587.366
-1.570796	1.909857	-0.381669	17	17	104	587.336
0.000000	1.128190	-2.288622	85	2	109	587.104
1.832596	2.404280	-0.174044	97	18	105	587.084
1.047198	1.504028	0.636812	96	13	97	587.082
2.356194	1.977582	0.969896	10	12	99	587.034
-2.879793	1.869911	2.701025	1	19	100	586.941
-2.094395	1.617114	-1.572037	81	109	108	586.934
1.047198	1.909857	-0.381669	17	105	21	586.832
0.000000	1.325504	-1.671296	103	17	108	586.831
-1.047198	0.290380	-0.796960	29	1	16	586.652
-2.617994	2.724429	-0.348782	105	20	108	586.630
2.094395	0.370812	-2.547742	81	108	107	586.627
-2.879793	1.134497	-1.109631	105	19	13	586.627
-2.617994	0.850607	-1.335383	99	15	103	586.453
2.094395	1.836682	-0.676006	93	15	5	586.434
-1.570796	1.417623	-0.202254	7	11	21	586.387
0.261799	2.356369	3.005869	102	15	100	586.270
-1.308997	0.866955	-0.931351	92	5	18	586.160
-2.617994	1.824694	1.850876	96	18	101	586.087
0.785398	2.063651	-2.044600	100	18	103	586.052
1.570796	1.904882	-1.478089	26	4	0	585.972
-0.523599	1.184361	0.625864	100	16	104	585.807
0.261799	2.592629	0.909713	104	26	111	585.797
0.000000	2.379497	0.561089	13	6	107	585.589
-2.094395	1.194549	-0.801900	90	17	8	585.431
0.261799	1.325504	-1.671296	5	10	18	585.383
-0.261799	1.658653	-2.409879	16	5	104	585.344
2.617994	1.374601	-2.456031	87	12	0	585.301
1.832596	2.063651	-2.044600	95	13	2	585.301
-3.141593	1.242974	-2.977882	17	9	103	585.269
2.617994	2.588535	-2.976617	102	18	93	585.085
-2.356194	2.108018	1.311430	102	26	1	584.955
1.832596	2.719179	-1.780644	29	0	10	584.938
1.570796	1.872854	1.543456	101	8	9	584.930
-2.879793	1.545873	-1.877082	94	15	98	584.918
1.832596	1.699788	2.452890	99	14	100	584.884
-1.832596	1.113094	-0.272241	89	15	6	584.864
-2.879793	1.741644	-2.695914	107	15	92	584.828
-0.785398	0.733948	3.021411	98	16	111	584.806
-3.141593	0.709924	0.218797	102	17	106	584.805
-3.141593	1.488617	1.159546	99	15	0	584.784
2.879793	1.982574	-1.115518	3	24	107	584.702
1.047198	1.510910	-0.740472	88	11	0	584.660
2.094395	0.618092	2.539118	101	17	108	584.629
0.523599	1.301460	-0.509251	97	15	0	584.627
-1.832596	2.187132	-0.479875	89	16	104	584.607
1.308997	2.356369	3.005869	3	9	91	584.604
-3.141593	2.724429	-0.348782	97	17	5	584.590
-1.832596	1.045978	0.343692	102	19	0	584.546
1.308997	0.831641	0.616218	101	9	18	584.492
0.261799	2.393226	1.857173	100	16	100	584.322
1.570796	1.113094	-0.272241	82	1	107	584.271
2.094395	0.700570	1.559208	93	7	8	584.247
2.094395	1.413430	2.550734	103	16	101	584.031
2.094395	0.709924	0.218797	84	12	107	583.783
-2.879793	1.374601	-2.456031	102	18	106	583.683
0.523599	1.741644	-2.695914	94	15	3	583.674
2.356194	2.407836	1.410646	92	14	105	583.646
1.570796	2.247462	0.191623	103	18	1	583.591
-1.047198	2.356369	3.005869	21	1	110	583.538
0.523599	2.299159	2.264663	102	16	100	583.490
2.879793	1.606104	-0.451151	96	22	4	583.486
0.261799	0.674054	1.013609	98	8	21	583.398
1.570796	1.168678	2.108595	94	24	111	583.281
2.094395	1.450119	-2.739050	105	20	107	583.231
1.308997	2.174483	2.653697	14	8	102	583.231
0.523599	1.135813	-2.658866	96	21	7	583.160
1.570796	1.014500	0.906702	101	13	103	583.124
-2.094395	0.700570	1.559208	100	17	106	583.005
2.356194	1.134796	2.434290	97	15	105	582.994
1.832596	0.960688	-0.577532	105	17	100	582.991
-1.308997	0.615174	-0.666022	92	9	15	582.804
1.308997	1.766067	2.153843	98	26	1	582.686
1.308997	0.591903	2.010408	105	25	103	582.662
-2.356194	1.872854	1.543456	106	26	1	582.504
1.047198	1.872854	1.543456	102	11	10	582.497
-2.879793	2.299159	2.264663	98	14	98	582.427
1.832596	2.587733	0.232235	101	19	107	582.401
0.000000	0.419640	2.974122	91	10	111	582.360
-1.047198	2.579248	-2.364801	93	10	3	582.328
1.832596	1.218453	2.777284	99	17	110	582.215
-0.523599	1.998705	2.370472	99	15	105	582.204
-1.832596	1.599406	1.426070	105	21	12	582.151
2.617994	0.418037	1.360082	14	91	3	582.084
-2.356194	2.104282	-0.813972	95	21	104	582.072
2.617994	1.736875	3.023612	93	14	107	582.033
-2.879793	1.113094	-0.272241	89	8	7	581.967
-2.094395	1.809167	1.213774	93	16	108	581.914
-1.047198	2.863997	0.549740	100	10	92	581.893
-0.523599	2.063651	-2.044600	9	13	18	581.776
1.832596	1.488617	1.159546	91	9	7	581.772
-2.617994	1.168678	2.108595	98	17	103	581.702
2.356194	0.850607	-1.335383	99	16	100	581.674
-0.785398	1.662363	0.915448	94	16	110	581.657
-1.047198	1.977582	0.969896	93	9	13	581.544
-0.523599	0.458961	-0.107937	24	17	108	581.516
1.570796	2.881233	-2.582574	97	8	92	581.515
2.617994	0.290380	-0.796960	27	5	2	581.343
2.617994	1.836682	-0.676006	11	10	20	581.307
1.832596	0.290380	-0.796960	88	12	4	581.260
1.308997	0.866395	-2.492918	86	9	7	581.181
-2.617994	2.180315	-1.357379	94	21	108	581.179
-0.785398	2.664082	-1.071402	20	3	17	581.138
0.785398	1.014500	0.906702	104	11	96	581.001
-2.356194	1.310100	1.488307	107	23	11	580.987
0.523599	0.379747	-1.713059	86	11	108	580.948
-1.308997	1.909857	-0.381669	82	7	107	580.888
2.879793	1.450119	-2.739050	2	19	97	580.870
-2.094395	1.696674	-1.253233	86	14	7	580.699
0.785398	2.719179	-1.780644	102	17	97	580.682
-2.094395	1.367556	0.358405	95	20	111	580.602
2.617994	2.979456	-1.009304	8	25	105	580.522
0.523599	1.875281	0.107086	9	103	20	580.441
-0.785398	1.256302	0.062705	95	14	95	580.413
-2.094395	1.977582	0.969896	91	15	107	580.375
-0.785398	0.571433	-1.188419	101	23	102	580.305
0.523599	1.256302	0.062705	4	0	25	580.244
-1.308997	0.203748	0.590255	84	2	96	580.188
0.523599	2.664082	-1.071402	87	5	3	580.174
1.047198	1.168678	2.108595	102	25	108	580.066
-2.094395	2.881233	-2.582574	96	9	94	580.040
1.570796	2.979456	-1.009304	95	16	106	579.989
-1.570796	0.674054	1.013609	109	17	17	579.775
-0.261799	1.025536	1.576859	98	15	105	579.684
2.879793	2.719179	-1.780644	106	18	97	579.605
-3.141593	2.588535	-2.976617	23	9	11	579.574
-0.261799	2.984978	1.954446	27	5	3	579.551
1.832596	1.301460	-0.509251	93	16	2	579.543
-1.570796	0.619654	-2.216909	97	14	105	579.504
-1.047198	2.984978	1.954446	0	15	102	579.500
1.832596	0.733948	3.021411	99	16	111	579.450
0.261799	2.979456	-1.009304	105	17	102	579.370
2.356194	0.899350	-2.069907	8	23	104	579.357
2.617994	2.704512	1.488683	89	12	104	579.223
2.094395	1.391910	3.030322	97	15	111	579.207
-2.879793	1.846342	-1.796954	93	11	97	579.184
2.879793	2.379497	0.561089	8	27	10	579.152
2.617994	1.732874	-0.951685	96	25	0	579.133
2.356194	1.812176	0.656819	2	13	101	579.085
1.832596	1.413347	-1.339188	99	17	3	579.069
-0.785398	2.089241	-0.114193	95	16	111	579.021
-0.261799	1.413347	-1.339188	102	18	109	579.018
2.617994	1.977582	0.969896	109	16	98	578.986
-3.141593	2.033014	2.977192	1	13	96	578.978
1.047198	1.732874	-0.951685	27	13	8	578.971
0.523599	1.194549	-0.801900	100	17	107	578.945
2.094395	1.195355	1.200319	101	18	107	578.894
-1.047198	1.721184	-0.153948	107	21	93	578.817
-2.356194	0.615174	-0.666022	90	109	13	578.545
0.785398	2.089241	-0.114193	87	12	104	578.545
1.308997	1.417623	-0.202254	99	19	7	578.518
-2.356194	2.478122	2.609777	90	8	1	578.515
0.523599	1.450119	-2.739050	4	105	91	578.446
-1.308997	2.295480	1.008277	21	3	107	578.335
-2.879793	1.450119	-2.739050	98	16	102	578.330
2.094395	0.458961	-0.107937	22	7	109	578.240
0.523599	1.732874	-0.951685	83	7	2	578.217
-1.832596	1.256302	0.062705	24	10	1	578.212
-0.523599	1.113094	-0.272241	13	3	23	578.120
-0.523599	2.299159	2.264663	4	13	99	578.082
1.570796	1.869911	2.701025	7	12	100	577.977
-2.094395	1.545873	-1.877082	82	0	105	577.781
-1.570796	1.977582	0.969896	80	109	106	577.684
0.000000	2.138223	1.678323	83	107	101	577.670
0.785398	1.134497	-1.109631	92	14	107	577.661
-0.523599	1.869911	2.701025	104	14	96	577.601
-1.832596	1.025536	1.576859	98	21	13	577.579
-1.570796	2.588535	-2.976617	90	111	93	577.432
-1.308997	1.184361	0.625864	1	3	23	577.321
1.832596	0.961715	0.014085	97	16	13	577.252
1.047198	1.374601	-2.456031	94	16	1	577.234
-2.094395	1.555207	1.708892	101	26	1	577.230
0.523599	1.134497	-1.109631	83	8	109	577.180
0.000000	1.732874	-0.951685	94	0	93	576.923
-0.785398	2.979456	-1.009304	102	17	105	576.896
1.047198	0.297065	2.160177	110	24	103	576.887
-0.261799	0.992645	-1.723759	95	23	2	576.791
0.000000	2.349581	-2.702517	111	7	90	576.669
0.523599	0.496451	0.593859	97	13	18	576.636
0.261799	1.113094	-0.272241	91	14	108	576.612
-1.047198	0.960688	-0.577532	98	21	101	576.604
0.261799	1.741644	-2.695914	97	18	2	576.543
2.879793	0.929350	-2.910676	0	25	105	576.451
2.356194	2.478122	2.609777	16	96	17	576.435
0.261799	0.419640	2.974122	0	25	105	576.426
1.832596	1.413430	2.550734	106	15	101	576.372
2.617994	0.864993	2.278281	95	15	105	576.353
1.308997	1.732874	-0.951685	102	21	110	576.326
-3.141593	2.396274	-1.959260	97	4	92	576.203
-0.523599	2.180315	-1.357379	91	19	9	575.980
0.785398	1.555207	1.708892	1	24	103	575.833
-0.523599	1.335669	0.897240	93	16	111	575.826
-1.047198	1.741644	-2.695914	17	10	17	575.818
2.879793	1.184361	0.625864	99	16	110	575.724
-1.832596	0.910508	1.903534	97	23	10	575.719
-1.570796	1.599406	1.426070	84	8	107	575.544
-1.570796	1.948085	-2.363031	97	13	111	575.512
0.000000	2.979456	-1.009304	109	15	102	575.472
1.832596	1.168678	2.108595	88	21	111	575.445
0.523599	2.187132	-0.479875	86	12	107	575.278
-2.617994	1.504028	0.636812	97	18	15	575.173
-2.617994	2.396274	-1.959260	87	11	110	575.086
1.047198	0.700570	1.559208	91	10	7	575.015
2.356194	0.866395	-2.492918	97	18	4	574.968
0.000000	0.866395	-2.492918	87	6	104	574.884
-0.785398	1.721184	-0.153948	83	2	101	574.786
-0.261799	1.555207	1.708892	10	12	100	574.776
0.261799	0.899350	-2.069907	89	20	3	574.637
-2.356194	0.910508	1.903534	92	15	107	574.614
-1.308997	1.741644	-2.695914	95	10	3	574.506
-1.832596	0.418037	1.360082	87	109	95	574.499
-2.617994	0.203748	0.590255	19	92	2	574.488
0.261799	1.450119	-2.739050	103	18	11	574.441
0.000000	1.025536	1.576859	105	18	102	574.399
2.617994	0.906588	1.252948	93	8	7	574.318
0.785398	1.809167	1.213774	99	18	106	574.294
1.570796	1.256302	0.062705	99	20	109	574.190
-0.261799	1.247695	1.809890	94	14	103	574.104
2.356194	2.456751	-1.503343	94	12	8	574.079
1.832596	1.809167	1.213774	90	16	101	574.066
1.832596	1.433411	-1.035986	95	18	106	573.831
1.570796	1.045978	0.343692	17	7	101	573.798
0.523599	1.699788	2.452890	99	18	110	573.739
-1.308997	2.588535	-2.976617	91	109	92	573.638
-2.356194	0.992645	-1.723759	96	14	3	573.624
-0.523599	2.579248	-2.364801	4	6	21	573.558
2.356194	2.104282	-0.813972	89	13	5	573.520
-0.261799	1.824694	1.850876	92	14	106	573.415
-0.523599	1.417623	-0.202254	24	21	3	573.399
1.308997	2.478122	2.609777	111	9	88	573.293
-1.047198	0.615174	-0.666022	97	20	100	573.174
2.879793	2.180315	-1.357379	110	24	107	573.121
2.094395	1.662363	0.915448	28	15	16	573.076
0.523599	0.290380	-0.796960	5	17	14	573.001
-2.356194	1.977582	0.969896	95	17	107	572.966
-3.141593	2.592629	0.909713	1	24	106	572.648
0.785398	1.450119	-2.739050	3	110	91	572.627
0.261799	2.719179	-1.780644	98	14	98	572.625
-1.570796	0.458961	-0.107937	24	6	19	572.474
-1.570796	0.080730	-2.622036	97	16	1	572.377
-1.047198	2.001437	0.381215	24	17	7	572.377
0.785398	1.488617	1.159546	101	16	102	572.325
1.570796	1.545873	-1.877082	100	16	96	572.163
-2.617994	2.704512	1.488683	99	7	93	572.044
1.047198	2.187132	-0.479875	4	14	101	572.034
2.617994	0.709924	0.218797	108	15	105	571.924
-1.832596	2.588535	-2.976617	89	2	93	571.757
-1.308997	1.391910	3.030322	82	106	0	571.739
-1.832596	1.135834	-1.431087	94	15	1	571.691
1.832596	1.025536	1.576859	92	21	101	571.681
2.094395	2.587733	0.232235	97	19	107	571.600
-3.141593	2.174483	2.653697	99	17	101	571.457
-1.832596	0.700570	1.559208	97	16	107	571.431
2.617994	2.187132	-0.479875	15	12	17	571.403
-2.094395	1.870545	-2.976234	96	9	11	571.372
-1.570796	1.812176	0.656819	96	8	18	571.342
-0.261799	1.214854	-1.966664	98	22	8	571.312
-2.617994	2.579248	-2.364801	85	8	109	571.307
1.832596	1.135813	-2.658866	86	4	7	571.293
-1.047198	1.948085	-2.363031	14	12	17	571.257
0.785398	0.864993	2.278281	93	13	108	571.129
-1.570796	1.194549	-0.801900	87	9	13	571.117
-1.832596	2.404280	-0.174044	96	18	1	571.046
0.261799	2.455966	-0.641220	88	14	111	570.965
2.094395	1.574060	2.783565	25	3	0	570.878
1.832596	2.478122	2.609777	100	12	100	570.828
1.308997	1.113094	-0.272241	1	13	19	570.826
2.879793	0.762244	-0.273349	6	14	102	570.755
2.094395	0.419640	2.974122	100	13	15	570.672
-1.047198	2.637879	2.121598	103	20	104	570.595
-3.141593	1.948085	-2.363031	98	13	93	570.509
-1.047198	1.869911	2.701025	87	12	94	570.506
-2.356194	2.174483	2.653697	90	8	4	570.501
2.094395	1.448123	-2.163292	1	20	96	570.443
-2.356194	1.134497	-1.109631	86	7	1	570.338
1.832596	1.506530	1.988858	91	22	110	570.334
2.879793	2.863997	0.549740	0	23	102	570.308
2.094395	1.214854	-1.966664	92	14	6	570.269
-2.356194	2.760637	2.781135	89	10	110	570.192
0.000000	2.984978	1.954446	101	16	99	570.176
-3.141593	1.135834	-1.431087	99	20	5	570.106
-2.617994	0.914445	2.687814	1	14	99	569.901
-1.047198	1.569311	-3.003978	82	102	106	569.885
-2.879793	0.571433	-1.188419	99	16	12	569.880
-0.523599	0.992645	-1.723759	97	25	4	569.750
-3.141593	1.809167	1.213774	99	16	105	569.644
-2.356194	1.045978	0.343692	99	8	20	569.619
-2.356194	1.998705	2.370472	104	104	17	569.558
-0.785398	2.063651	-2.044600	11	13	18	569.529
1.832596	1.736875	3.023612	103	105	89	569.511
1.047198	1.741644	-2.695914	88	9	101	569.478
0.523599	1.998705	2.370472	97	18	111	569.471
1.308997	0.960688	-0.577532	98	15	8	569.463
0.785398	0.700570	1.559208	93	13	7	569.440
0.523599	0.762244	-0.273349	94	15	5	569.362
2.617994	0.571433	-1.188419	15	2	104	569.303
-1.047198	0.080730	-2.622036	0	17	106	569.199
2.356194	1.662363	0.915448	95	13	101	569.142
-0.785398	0.866955	-0.931351	93	0	18	569.052
-2.879793	2.407836	1.410646	4	23	105	569.041
-1.047198	0.571433	-1.188419	21	96	111	569.000
-1.570796	2.108018	1.311430	86	15	6	568.990
-1.308997	1.683268	0.374177	98	18	107	568.909
1.570796	1.736875	3.023612	9	12	103	568.873
0.785398	0.674054	1.013609	7	99	18	568.871
-2.617994	1.869911	2.701025	18	9	104	568.832
0.523599	1.766067	2.153843	96	16	1	568.743
-2.094395	2.396274	-1.959260	99	14	103	568.720
-2.356194	2.180315	-1.357379	87	17	111	568.692
0.785398	1.732874	-0.951685	82	3	3	568.612
1.832596	2.704512	1.488683	86	18	0	568.472
-3.141593	0.419640	2.974122	104	18	103	568.459
-0.785398	0.419640	2.974122	94	14	4	568.311
1.308997	1.909857	-0.381669	15	106	107	568.280
-2.094395	2.356369	3.005869	90	8	2	568.272
2.879793	1.872854	1.543456	92	110	91	568.262
-2.356194	1.555207	1.708892	108	26	3	568.168
-1.570796	2.719179	-1.780644	92	19	13	568.157
-1.047198	1.809167	1.213774	87	2	92	568.042
-1.308997	1.617114	-1.572037	99	0	88	567.945
2.617994	1.756530	-2.105156	97	17	102	567.878
2.879793	2.984978	1.954446	92	13	106	567.731
-3.141593	2.299159	2.264663	100	14	99	567.511
1.308997	1.391910	3.030322	19	6	105	567.434
1.308997	1.135813	-2.658866	89	12	2	567.275
0.261799	1.617114	-1.572037	88	13	4	567.206
-1.832596	0.960688	-0.577532	92	14	11	567.052
-1.832596	0.615174	-0.666022	96	15	3	566.982
0.261799	0.640596	-2.797608	18	4	107	566.916
2.879793	2.033014	2.977192	2	10	95	566.896
0.523599	0.674054	1.013609	4	99	18	566.828
1.047198	0.640596	-2.797608	95	17	110	566.792
0.000000	2.295480	1.008277	96	14	101	566.649
-1.047198	2.138223	1.678323	85	12	1	566.590
2.094395	2.138223	1.678323	9	108	21	566.421
0.000000	0.700570	1.559208	4	102	19	566.402
-2.879793	2.356369	3.005869	4	102	21	566.367
-0.261799	0.496451	0.593859	105	14	17	566.350
2.879793	2.579248	-2.364801	82	4	107	566.273
-2.094395	1.699788	2.452890	100	22	0	566.232
0.261799	1.554776	0.100351	10	108	20	566.184
2.879793	0.619654	-2.216909	108	26	0	566.094
-0.523599	0.762244	-0.273349	98	15	4	565.991
0.523599	1.113094	-0.272241	88	12	107	565.870
1.308997	1.904882	-1.478089	4	18	97	565.743
-0.261799	1.836682	-0.676006	19	24	4	565.679
-1.047198	1.504028	0.636812	0	3	23	565.633
0.785398	1.824694	1.850876	93	14	4	565.626
1.832596	0.297065	2.160177	13	90	1	565.524
-2.094395	0.910508	1.903534	100	25	4	565.445
-2.356194	2.115563	0.685730	89	22	4	565.367
-0.785398	1.488617	1.159546	94	17	109	565.365
-0.785398	2.041297	-2.664597	17	23	105	565.300
1.047198	1.998705	2.370472	89	9	8	565.213
2.094395	2.343981	-1.040456	0	2	20	565.195
1.047198	1.836682	-0.676006	15	102	106	565.167
-1.570796	0.850607	-1.335383	13	12	19	565.128
0.523599	2.104282	-0.813972	83	6	4	564.898
-1.308997	1.721184	-0.153948	26	16	6	564.854
0.523599	1.045978	0.343692	106	5	21	564.782
-2.356194	0.831641	0.616218	14	17	19	564.757
-2.356194	1.214854	-1.966664	85	9	110	564.751
0.261799	2.664082	-1.071402	91	10	111	564.671
2.879793	0.992645	-1.723759	16	10	107	564.652
1.570796	1.214854	-1.966664	105	13	94	564.643
-2.879793	2.041297	-2.664597	100	10	90	564.611
-1.047198	1.417623	-0.202254	6	105	21	564.602
1.570796	2.664082	-1.071402	102	21	98	564.590
-1.832596	0.929350	-2.910676	105	17	103	564.433
-1.570796	1.256302	0.062705	25	12	0	564.403
0.785398	1.413347	-1.339188	105	16	111	564.387
-0.785398	0.458961	-0.107937	90	10	96	564.374
1.047198	2.664082	-1.071402	104	17	101	564.373
1.047198	1.113094	-0.272241	6	8	24	564.340
-3.141593	1.367556	0.358405	96	14	1	564.245
1.047198	1.736875	3.023612	99	18	15	564.161
0.523599	1.325504	-1.671296	106	16	110	564.128
-1.047198	0.906588	1.252948	93	13	18	564.069
2.879793	2.704512	1.488683	109	5	89	564.055
2.879793	1.391910	3.030322	5	18	97	563.996
-2.879793	1.683268	0.374177	94	15	1	563.929
-2.094395	2.063651	-2.044600	10	9	100	563.914
-1.308997	2.881233	-2.582574	92	0	92	563.900
0.523599	2.455966	-0.641220	87	11	111	563.891
1.308997	0.674054	1.013609	0	13	96	563.885
1.570796	1.433411	-1.035986	99	19	106	563.841
1.832596	1.184361	0.625864	93	14	2	563.835
-2.356194	0.709924	0.218797	98	19	7	563.792
0.523599	0.850607	-1.335383	105	9	94	563.620
1.308997	1.050534	3.042579	87	102	94	563.571
1.047198	0.615174	-0.666022	99	18	4	563.563
2.879793	1.812176	0.656819	100	15	101	563.511
1.047198	2.979456	-1.009304	9	20	103	563.464
-1.570796	2.247462	0.191623	97	19	109	563.447
-1.047198	1.214854	-1.966664	101	11	102	563.323
0.261799	1.195355	1.200319	107	13	98	563.293
-1.570796	1.488617	1.159546	94	16	107	563.089
0.000000	1.417623	-0.202254	94	16	111	563.076
-2.094395	1.998705	2.370472	91	9	94	563.016
-1.570796	1.025536	1.576859	95	19	13	562.936
2.879793	1.909857	-0.381669	13	10	20	562.928
2.879793	0.960688	-0.577532	102	17	14	562.884
-1.308997	2.115563	0.685730	94	8	15	562.870
0.785398	0.906588	1.252948	84	98	10	562.847
1.570796	1.367556	0.358405	91	18	1	562.699
-1.308997	2.247462	0.191623	105	1	19	562.642
-3.141593	1.214854	-1.966664	111	28	111	562.492
-0.261799	2.164094	-2.991358	19	5	109	562.185
-1.570796	1.846342	-1.796954	86	10	4	562.117
-2.617994	0.929350	-2.910676	104	23	104	562.023
-1.832596	1.812176	0.656819	87	11	1	561.900
0.261799	2.299159	2.264663	106	15	100	561.860
1.308997	2.396274	-1.959260	94	10	10	561.767
0.523599	1.909857	-0.381669	88	12	102	561.714
2.879793	1.998705	2.370472	10	111	21	561.700
-0.523599	0.899350	-2.069907	102	25	6	561.583
-1.047198	1.732874	-0.951685	24	2	7	561.367
-1.570796	0.370812	-2.547742	94	17	110	561.178
-2.094395	2.984978	1.954446	108	2	88	561.100
1.047198	2.063651	-2.044600	97	17	103	560.980
2.356194	0.961715	0.014085	111	11	101	560.946
0.000000	1.756530	-2.105156	95	14	8	560.938
2.879793	2.295480	1.008277	94	9	12	560.902
0.000000	1.998705	2.370472	80	100	96	560.870
-2.879793	1.824694	1.850876	95	17	104	560.732
-0.785398	1.904882	-1.478089	101	12	102	560.677
-3.141593	1.045978	0.343692	100	15	102	560.547
0.000000	1.488617	1.159546	96	14	110	560.430
-2.356194	1.870545	-2.976234	94	13	105	560.426
1.047198	1.683268	0.374177	94	11	98	560.355
-1.570796	2.299159	2.264663	94	21	99	560.330
1.832596	1.050534	3.042579	98	16	111	560.309
-2.356194	1.506530	1.988858	108	26	0	560.254
